node   1  (   0,    0) (   5,    3) (   6,    5) (   4,    3) (   2,    2) (   2,    1) (   2,    4) (   2,    0) (   2,    2) (   2,    2)
          (   2,    1) (   2,    2) (   2,    4) (   2,    2) (   2,    2) (   2,    3) (   2,    2) (   2,    2) (   2,    0) (   2,    2)
          (   2,    1) (   2,    0) (   2,    1) (   2,    2) (   2,    3) (   2,    2) (   2,    1) (   2,    5) (   2,    1) (   2,    2)
          (   2,    4) (   2,    1) (   2,    1) (   2,    1) (   2,    2) (   2,    1) (   2,    2) (   2,    2) (   2,    4) (   2,    2)
          (   2,    1) (   2,    1) (   2,    1) (   2,    1) (   2,    1) (   2,    4) (   2,    2) (   2,    0) (   2,    4) (   2,    1)
          (   2,    0) (   2,    3) (   2,    2) (   2,    1) (   2,    2) (   1,    2) (   2,    0) (   2,    3) (   2,    3) (   2,    4)
          (   2,    1) (   2,    3) (   1,    1) (   2,    3) (   2,    1) (   2,    2) (   1,    1) (   1,    3) (   2,    2) (   2,    5)
          (   2,    0) (   2,    1) (   1,    1) (   2,    3) (   2,    3) (   2,    2) (   2,    2) (   1,    2) (   1,    2) (   2,    3)
          (   2,    4) (   2,    1) (   2,    4) (   2,    3) (   2,    2) (   2,    2) (   2,    1) (   2,    2) (   2,    0) (   2,    1)
          (   2,    3) (   2,    0) (   2,    2) (   2,    1) (   2,    0) (   1,    1) (   2,    2) (   2,    3) (   1,    0) (   2,    3)
          (   2,    2) (   2,    2) (   2,    1) (   2,    2) (   2,    1) (   2,    1) (   2,    1) (   2,    2) (   1,    4) (   2,    1)
          (   2,    2) (   2,    1) (   2,    2) (   2,    1) (   2,    2) (   1,    2) (   1,    0) (   2,    0) (   1,    3) (   2,    2)
          (   1,    2) (   1,    2) (   2,    3) (   2,    3) (   2,    3) (   1,    1) (   2,    0) (   2,    1) (   2,    2) (   2,    0)
          (   2,    2) (   2,    2) (   2,    4) (   2,    1) (   2,    1) (   1,    2) (   2,    2) (   2,    3) (   2,    3) (   2,    2)
          (   1,    2) (   2,    2) (   2,    3) (   1,    2) (   2,    2) (   2,    1) (   2,    1) (   2,    4) (   2,    4) (   2,    0)
          (   2,    1) (   1,    2) (   2,    1) (   2,    0) (   2,    3) (   2,    4) (   2,    1) (   2,    1) (   1,    1) (   1,    0)
          (   1,    0) (   2,    2) (   2,    1) (   2,    1) (   1,    2) (   2,    0) (   2,    2) (   2,    3) (   2,    0) (   2,    1)
          (   1,    2) (   2,    1) (   2,    2) (   2,    3) (   2,    2) (   1,    1) (   2,    2) (   1,    1) (   2,    2) (   1,    3)
          (   2,    3) (   2,    2) (   2,    0) (   2,    3) (   2,    3) (   2,    0) (   2,    2) (   2,    3) (   2,    2) (   2,    0)
          (   2,    4) (   2,    2) (   0,    2) (   1,    3) (   2,    3) (   1,    1) (   2,    1) (   2,    2) (   2,    1) (   2,    2)
          (   2,    2) (   0,    3) (   2,    1) (   2,    4) (   2,    3) (   2,    1) (   1,    3) (   2,    0) (   1,    6) (   2,    2)
          (   1,    0) (   2,    2) (   2,    1) (   2,    4) (   2,    3) (   2,    2) (   2,    1) (   2,    2) (   1,    3) (   1,    3)
          (   2,    5) (   2,    2) (   2,    4) (   1,    1) (   2,    1) (   2,    3) (   1,    1) (   2,    2) (   2,    2) (   2,    3)
          (   2,    2) (   2,    2) (   2,    2) (   2,    1) (   2,    4) (   2,    1) (   2,    3) (   2,    2) (   1,    1) (   2,    2)
          (   2,    2) (   2,    2) (   2,    2) (   1,    3) (   2,    2) (   2,    1) (   2,    4) (   2,    2) (   2,    0) (   2,    3)
          (   2,    1) (   2,    1) (   2,    1) (   2,    1) (   1,    4) (   1,    2) (   2,    1) (   2,    1) (   2,    2) (   2,    3)
          (   2,    3) (   2,    4) (   2,    1) (   2,    2) (   2,    2) (   2,    2) (   2,    2) (   2,    4) (   1,    1) (   1,    1)
          (   2,    0) (   2,    2) (   2,    1) (   2,    1) (   2,    3) (   2,    4) (   2,    6) (   2,    4) (   2,    1) (   2,    3)
          (   2,    0) (   2,    0) (   2,    1) (   2,    3) (   2,    1) (   2,    1) (   2,    3) (   1,    5) (   1,    2) (   1,    4)
          (   2,    2) (   1,    1) (   2,    1) (   2,    3) (   2,    4) (   2,    1) (   2,    2) (   1,    1) (   0,    2) (   2,    2)
          (   1,    0) (   2,    3) (   2,    3) (   2,    2) (   2,    2) (   2,    2) (   2,    3) (   2,    3) (   2,    3) (   2,    3)
          (   2,    0) (   2,    2) (   2,    4) (   2,    3) (   2,    2) (   2,    1) (   2,    2) (   2,    1) (   2,    1) (   2,    2)
          (   2,    1) (   2,    2) (   2,    1) (   2,    2) (   2,    2) (   2,    2) (   2,    0) (   2,    3) (   2,    2) (   2,    0)
          (   2,    2) (   2,    0) (   2,    0) (   2,    2) (   2,    3) (   2,    1) (   2,    3) (   2,    4) (   2,    1) (   2,    0)
          (   2,    1) (   2,    2) (   2,    1) (   2,    3) (   2,    1) (   2,    3) (   2,    1) (   2,    1) (   2,    2) (   2,    0)
          (   2,    3) (   2,    3) (   2,    4) (   2,    3) (   2,    2) (   2,    2) (   2,    1) (   2,    0) (   2,    4) (   2,    2)
          (   2,    1) (   2,    3) (   2,    0) (   2,    2) (   2,    3) (   2,    2) (   2,    3) (   2,    3) (   2,    2) (   2,    4)
          (   2,    2) (   2,    4) (   2,    0) (   2,    2) (   2,    3) (   2,    3) (   2,    3) (   2,    3) (   2,    1) (   2,    3)
          (   2,    1) (   2,    1) (   2,    3) (   2,    2) (   2,    2) (   2,    1) (   2,    5) (   2,    1) (   2,    2) (   2,    1)
          (   2,    5) (   2,    1) (   2,    2) (   2,    1) (   2,    3) (   2,    4) (   2,    5) (   2,    2) (   2,    1) (   2,    2)
          (   2,    3) (   2,    2) (   2,    2) (   2,    1) (   2,    0) (   2,    4) (   2,    1) (   2,    3) (   2,    2) (   2,    2)
          (   2,    3) (   2,    2) (   2,    2) (   2,    3) (   2,    3) (   2,    3) (   2,    1) (   2,    2) (   2,    2) (   2,    2)
          (   2,    1) (   2,    2) (   2,    4) (   2,    1) (   2,    2) (   2,    0) (   2,    1) (   2,    2) (   2,    3) (   2,    2)
          (   2,    1) (   2,    3) (   2,    0) (   2,    0) (   2,    0) (   2,    1) (   2,    1) (   2,    4) (   2,    1) (   2,    0)
          (   2,    0) (   2,    5) (   2,    1) (   2,    3) (   2,    1) (   2,    4) (   2,    2) (   2,    3) (   2,    1) (   2,    2)
          (   2,    1) (   2,    4) (   2,    1) (   2,    5) (   2,    3) (   2,    1) (   2,    2) (   2,    1) (   2,    3) (   2,    2)
          (   2,    2) (   2,    1) (   2,    1) (   2,    4) (   2,    4) (   2,    2) (   2,    2) (   2,    3) (   2,    3) (   2,    0)
          (   2,    0) (   2,    1) (   2,    0) (   2,    3) (   2,    1) (   2,    2) (   2,    2) (   2,    3) (   2,    2) (   2,    3)
          (   2,    3) (   2,    0) (   2,    0) (   2,    3) (   2,    2) (   2,    0) (   2,    0) (   2,    2) (   2,    2) (   2,    4)
          (   2,    6) (   2,    1) (   2,    4) (   2,    4) (   2,    1) (   2,    1) (   2,    1) (   2,    0) (   2,    1) (   2,    3)
          (   2,    4) (   2,    2) (   2,    2) (   2,    3) (   2,    2) (   2,    2) (   2,    4) (   2,    3) (   2,    1) (   2,    1)
          (   2,    2) (   2,    2) (   2,    0) (   2,    1) (   2,    3) (   2,    1) (   2,    1) (   2,    0) (   2,    2) (   2,    5)
          (   2,    5) (   2,    1) (   2,    5) (   2,    1) (   2,    3) (   2,    3) (   2,    2) (   2,    2) (   2,    1) (   2,    1)
          (   2,    2) (   2,    2) (   2,    4) (   2,    3) (   2,    2) (   2,    3) (   2,    4) (   2,    1) (   2,    2) (   2,    1)
          (   2,    0) (   2,    2) (   2,    2) (   2,    1) (   2,    2) (   2,    1) (   2,    2) (   2,    2) (   2,    2) (   2,    4)
          (   2,    5) (   2,    3) (   2,    2) (   2,    2) (   2,    2) (   2,    0) (   2,    2) (   2,    3) (   2,    3) (   2,    1)
          (   2,    1) (   2,    1) (   2,    2) (   2,    1) (   2,    3) (   2,    1) (   2,    2) (   2,    3) (   2,    3) (   2,    3)
          (   2,    2) (   2,    1) (   2,    1) (   2,    1) (   2,    0) (   2,    1) (   2,    1) (   2,    2) (   2,    2) (   2,    4)
          (   2,    1) (   2,    2) (   2,    1) (   2,    4) (   2,    2) (   2,    2) (   2,    1) (   2,    2) (   2,    1) (   2,    1)
          (   2,    2) (   2,    4) (   2,    2) (   2,    1) (   2,    2) (   2,    4) (   2,    3) (   2,    2) (   2,    2) (   2,    3)
          (   2,    1) (   2,    2) (   2,    2) (   2,    1) (   2,    0) (   2,    4) (   2,    0) (   2,    2) (   2,    3) (   2,    2)
          (   2,    2) (   2,    2) (   2,    2) (   2,    3) (   2,    1) (   2,    0) (   2,    5) (   2,    0) (   2,    5) (   2,    1)
          (   2,    1) (   2,    1) (   2,    1) (   2,    5) (   2,    5) (   2,    2) (   2,    0) (   2,    4) (   2,    1) (   2,    1)
          (   2,    5) (   2,    1) (   2,    3) (   2,    1) (   2,    2) (   2,    2) (   2,    3) (   2,    1) (   2,    3) (   2,    4)
          (   2,    2) (   2,    3) (   2,    3) (   2,    3) (   2,    3) (   2,    2) (   2,    3) (   2,    0) (   2,    0) (   2,    1)
          (   2,    2) (   2,    2) (   2,    2) (   2,    3) (   2,    3) (   2,    2) (   2,    1) (   2,    1) (   2,    2) (   2,    4)
          (   2,    1) (   2,    1) (   2,    1) (   2,    0) (   2,    2) (   2,    1) (   2,    2) (   2,    2) (   2,    3) (   2,    0)
          (   2,    3) (   2,    4) (   2,    3) (   2,    4) (   2,    4) (   2,    1) (   2,    5) (   2,    1) (   2,    0) (   2,    3)
          (   2,    1) (   2,    3) (   2,    3) (   2,    0) (   2,    0) (   2,    2) (   2,    3) (   2,    3) (   2,    3) (   2,    4)
          (   2,    5) (   2,    2) (   2,    1) (   2,    0) (   2,    0) (   2,    0) (   2,    1) (   2,    1) (   2,    3) (   2,    1)
         
node   1 sent_total   1352  recv_total   1390

node   2  (   1,    0) (   0,    0) (   1,    1) (   1,    1) (   2,    2) (   2,    3) (   2,    4) (   2,    3) (   2,    1) (   2,    2)
          (   2,    4) (   2,    2) (   2,    2) (   2,    2) (   2,    1) (   2,    4) (   2,    3) (   2,    2) (   2,    1) (   2,    3)
          (   2,    0) (   2,    0) (   2,    2) (   2,    2) (   2,    0) (   2,    2) (   2,    2) (   2,    1) (   2,    2) (   2,    1)
          (   2,    1) (   2,    2) (   2,    1) (   2,    2) (   2,    3) (   2,    3) (   2,    2) (   2,    2) (   2,    2) (   2,    0)
          (   2,    3) (   2,    1) (   2,    2) (   2,    1) (   2,    1) (   2,    2) (   2,    2) (   2,    1) (   2,    2) (   2,    3)
          (   2,    2) (   2,    1) (   2,    3) (   2,    1) (   0,    3) (   2,    1) (   2,    4) (   1,    2) (   2,    2) (   2,    2)
          (   2,    2) (   2,    1) (   1,    2) (   2,    3) (   2,    2) (   1,    1) (   2,    1) (   2,    4) (   2,    1) (   1,    0)
          (   2,    3) (   1,    2) (   2,    3) (   2,    1) (   2,    5) (   2,    2) (   1,    2) (   2,    3) (   0,    2) (   1,    1)
          (   2,    0) (   2,    4) (   2,    3) (   2,    1) (   2,    3) (   1,    1) (   2,    4) (   2,    4) (   2,    2) (   2,    1)
          (   2,    1) (   2,    1) (   1,    1) (   1,    1) (   2,    3) (   2,    0) (   2,    0) (   2,    1) (   2,    0) (   2,    1)
          (   2,    2) (   1,    3) (   2,    1) (   2,    3) (   1,    2) (   2,    2) (   2,    3) (   2,    2) (   2,    2) (   1,    1)
          (   2,    2) (   2,    1) (   2,    2) (   2,    1) (   2,    1) (   1,    2) (   1,    1) (   2,    2) (   2,    1) (   1,    0)
          (   2,    1) (   2,    2) (   2,    2) (   2,    1) (   2,    2) (   2,    0) (   2,    3) (   2,    3) (   1,    2) (   2,    1)
          (   2,    0) (   2,    1) (   2,    2) (   1,    1) (   2,    5) (   2,    2) (   2,    3) (   2,    2) (   2,    1) (   2,    2)
          (   2,    2) (   2,    3) (   1,    3) (   1,    1) (   2,    1) (   2,    1) (   1,    1) (   2,    2) (   2,    0) (   2,    3)
          (   1,    3) (   2,    0) (   1,    3) (   2,    1) (   2,    3) (   2,    2) (   2,    0) (   2,    2) (   2,    5) (   2,    2)
          (   2,    1) (   2,    0) (   2,    3) (   2,    3) (   1,    3) (   2,    1) (   2,    1) (   2,    3) (   2,    2) (   2,    3)
          (   2,    2) (   2,    1) (   2,    3) (   2,    2) (   2,    4) (   2,    0) (   2,    1) (   2,    1) (   2,    0) (   2,    4)
          (   2,    3) (   2,    2) (   2,    4) (   2,    2) (   2,    3) (   2,    5) (   2,    2) (   2,    1) (   2,    1) (   2,    3)
          (   1,    1) (   2,    2) (   2,    2) (   2,    0) (   2,    1) (   2,    2) (   2,    2) (   1,    3) (   2,    2) (   2,    1)
          (   1,    2) (   2,    2) (   2,    2) (   2,    2) (   2,    0) (   2,    1) (   0,    3) (   2,    1) (   1,    1) (   2,    2)
          (   2,    3) (   1,    1) (   2,    1) (   1,    2) (   2,    2) (   2,    1) (   2,    2) (   1,    2) (   2,    1) (   2,    1)
          (   2,    3) (   2,    4) (   2,    3) (   2,    3) (   2,    3) (   2,    3) (   2,    0) (   2,    1) (   1,    3) (   2,    4)
          (   2,    1) (   2,    0) (   2,    2) (   2,    4) (   2,    3) (   2,    3) (   1,    1) (   2,    1) (   2,    4) (   2,    0)
          (   2,    3) (   1,    1) (   2,    1) (   2,    2) (   2,    2) (   2,    1) (   2,    0) (   2,    0) (   2,    2) (   2,    0)
          (   2,    1) (   2,    5) (   2,    2) (   2,    2) (   1,    3) (   0,    1) (   2,    0) (   2,    0) (   2,    1) (   2,    1)
          (   2,    0) (   2,    1) (   2,    1) (   2,    2) (   2,    1) (   2,    2) (   2,    3) (   2,    3) (   2,    4) (   2,    2)
          (   1,    4) (   2,    0) (   2,    2) (   1,    1) (   2,    2) (   1,    1) (   2,    0) (   1,    1) (   2,    2) (   2,    1)
          (   2,    2) (   2,    2) (   2,    2) (   2,    2) (   2,    0) (   2,    2) (   2,    5) (   2,    2) (   1,    0) (   2,    0)
          (   2,    1) (   1,    2) (   2,    1) (   2,    0) (   2,    2) (   1,    2) (   2,    2) (   2,    1) (   2,    0) (   2,    2)
          (   2,    3) (   2,    3) (   2,    3) (   2,    1) (   2,    0) (   2,    2) (   2,    2) (   2,    3) (   2,    2) (   2,    4)
          (   2,    3) (   2,    3) (   2,    3) (   2,    0) (   2,    1) (   2,    1) (   2,    2) (   2,    4) (   2,    2) (   2,    1)
          (   2,    3) (   2,    2) (   2,    3) (   2,    3) (   2,    0) (   2,    2) (   2,    3) (   2,    3) (   2,    1) (   2,    2)
          (   2,    2) (   2,    2) (   2,    2) (   2,    2) (   2,    0) (   2,    1) (   2,    1) (   2,    2) (   2,    1) (   2,    3)
          (   2,    1) (   2,    2) (   2,    3) (   2,    2) (   2,    3) (   2,    2) (   2,    3) (   2,    2) (   2,    2) (   2,    2)
          (   2,    1) (   2,    2) (   2,    2) (   2,    1) (   2,    1) (   2,    5) (   2,    4) (   2,    3) (   2,    3) (   2,    3)
          (   2,    3) (   2,    2) (   2,    3) (   2,    2) (   2,    4) (   2,    1) (   2,    2) (   2,    0) (   2,    2) (   2,    4)
          (   2,    6) (   2,    4) (   2,    0) (   2,    2) (   2,    1) (   2,    3) (   2,    3) (   2,    2) (   2,    3) (   2,    2)
          (   2,    1) (   2,    1) (   2,    2) (   2,    2) (   2,    3) (   2,    1) (   2,    2) (   2,    2) (   2,    4) (   2,    1)
          (   2,    1) (   2,    2) (   2,    2) (   2,    2) (   2,    2) (   2,    1) (   2,    0) (   2,    2) (   2,    2) (   2,    4)
          (   2,    1) (   2,    3) (   2,    1) (   2,    2) (   2,    2) (   2,    4) (   2,    3) (   2,    1) (   2,    4) (   2,    2)
          (   2,    1) (   2,    3) (   2,    0) (   2,    2) (   2,    4) (   2,    1) (   2,    1) (   2,    4) (   2,    1) (   2,    4)
          (   2,    1) (   2,    2) (   2,    2) (   2,    1) (   2,    3) (   2,    6) (   2,    2) (   2,    1) (   2,    4) (   2,    4)
          (   2,    3) (   2,    0) (   2,    5) (   2,    2) (   2,    3) (   2,    3) (   2,    3) (   2,    1) (   2,    2) (   2,    3)
          (   2,    4) (   2,    3) (   2,    2) (   2,    1) (   2,    4) (   2,    2) (   2,    2) (   2,    1) (   2,    2) (   2,    2)
          (   2,    3) (   2,    1) (   2,    2) (   2,    3) (   2,    2) (   2,    3) (   2,    1) (   2,    1) (   2,    2) (   2,    1)
          (   2,    0) (   2,    0) (   2,    2) (   2,    1) (   2,    3) (   2,    2) (   2,    4) (   2,    0) (   2,    2) (   2,    5)
          (   2,    2) (   2,    2) (   2,    3) (   2,    2) (   2,    1) (   2,    2) (   2,    3) (   2,    2) (   2,    2) (   2,    5)
          (   2,    1) (   2,    1) (   2,    4) (   2,    2) (   2,    4) (   2,    5) (   2,    2) (   2,    2) (   2,    2) (   2,    3)
          (   2,    2) (   2,    0) (   2,    1) (   2,    2) (   2,    1) (   2,    2) (   2,    1) (   2,    1) (   2,    2) (   2,    3)
          (   2,    0) (   2,    4) (   2,    3) (   2,    1) (   2,    1) (   2,    1) (   2,    3) (   2,    5) (   2,    2) (   2,    2)
          (   2,    2) (   2,    1) (   2,    2) (   2,    1) (   2,    1) (   2,    2) (   2,    4) (   2,    1) (   2,    2) (   2,    1)
          (   2,    4) (   2,    1) (   2,    4) (   2,    3) (   2,    4) (   2,    2) (   2,    2) (   2,    3) (   2,    1) (   2,    4)
          (   2,    3) (   2,    4) (   2,    1) (   2,    3) (   2,    2) (   2,    1) (   2,    2) (   2,    0) (   2,    2) (   2,    4)
          (   2,    3) (   2,    4) (   2,    3) (   2,    4) (   2,    5) (   2,    2) (   2,    2) (   2,    2) (   2,    2) (   2,    0)
          (   2,    1) (   2,    3) (   2,    2) (   2,    0) (   2,    2) (   2,    1) (   2,    3) (   2,    3) (   2,    2) (   2,    2)
          (   2,    2) (   2,    3) (   2,    3) (   2,    3) (   2,    0) (   2,    3) (   2,    3) (   2,    3) (   2,    5) (   2,    2)
          (   2,    4) (   2,    1) (   2,    3) (   2,    1) (   2,    3) (   2,    1) (   2,    0) (   2,    1) (   2,    3) (   2,    2)
          (   2,    3) (   2,    1) (   2,    3) (   2,    1) (   2,    3) (   2,    1) (   2,    0) (   2,    3) (   2,    2) (   2,    4)
          (   2,    1) (   2,    2) (   2,    2) (   2,    1) (   2,    1) (   2,    3) (   2,    2) (   2,    1) (   2,    2) (   2,    1)
          (   2,    3) (   2,    1) (   2,    2) (   2,    5) (   2,    2) (   2,    2) (   2,    3) (   2,    1) (   2,    1) (   2,    3)
          (   2,    1) (   2,    2) (   2,    4) (   2,    2) (   2,    3) (   2,    2) (   2,    3) (   2,    2) (   2,    1) (   2,    1)
          (   2,    4) (   2,    4) (   2,    2) (   2,    3) (   2,    3) (   2,    0) (   2,    3) (   2,    3) (   2,    1) (   2,    2)
          (   2,    2) (   2,    0) (   2,    1) (   2,    2) (   2,    3) (   2,    3) (   2,    1) (   2,    1) (   2,    3) (   2,    1)
          (   2,    0) (   2,    2) (   2,    1) (   2,    4) (   2,    1) (   2,    1) (   2,    1) (   2,    2) (   2,    1) (   2,    0)
          (   2,    2) (   2,    4) (   2,    2) (   2,    3) (   2,    4) (   2,    2) (   2,    1) (   2,    0) (   2,    3) (   2,    0)
          (   2,    2) (   2,    1) (   2,    3) (   2,    3) (   2,    2) (   2,    3) (   2,    4) (   2,    1) (   2,    1) (   2,    4)
          (   2,    3) (   2,    2) (   2,    3) (   2,    2) (   2,    0) (   2,    3) (   2,    0) (   2,    3) (   2,    3) (   2,    2)
          (   2,    4) (   2,    1) (   2,    5) (   2,    1) (   2,    3) (   2,    2) (   2,    1) (   2,    1) (   2,    4) (   2,    2)
          (   2,    1) (   2,    2) (   2,    2) (   2,    1) (   2,    1) (   2,    3) (   2,    2) (   2,    2) (   2,    4) (   2,    4)
         
node   2 sent_total   1345  recv_total   1404

node   3  (   1,    0) (   0,    0) (   1,    1) (   2,    2) (   2,    1) (   2,    1) (   2,    0) (   2,    0) (   2,    2) (   2,    2)
          (   2,    3) (   2,    1) (   2,    3) (   2,    1) (   2,    5) (   2,    1) (   2,    3) (   2,    1) (   2,    2) (   2,    0)
          (   2,    3) (   2,    2) (   2,    2) (   2,    3) (   2,    4) (   2,    1) (   2,    2) (   2,    3) (   2,    2) (   2,    0)
          (   2,    3) (   2,    3) (   2,    3) (   2,    3) (   2,    3) (   2,    4) (   2,    5) (   2,    1) (   2,    1) (   2,    4)
          (   2,    1) (   2,    1) (   2,    1) (   2,    1) (   2,    1) (   2,    2) (   2,    2) (   2,    5) (   2,    1) (   2,    3)
          (   2,    1) (   2,    2) (   1,    3) (   1,    4) (   1,    0) (   2,    1) (   2,    2) (   2,    1) (   2,    3) (   2,    1)
          (   2,    3) (   2,    4) (   2,    2) (   2,    1) (   2,    0) (   1,    1) (   2,    1) (   2,    1) (   2,    2) (   2,    2)
          (   2,    1) (   2,    1) (   2,    2) (   1,    1) (   2,    0) (   2,    3) (   1,    3) (   2,    0) (   2,    1) (   0,    1)
          (   2,    3) (   2,    1) (   2,    4) (   2,    2) (   2,    0) (   2,    1) (   2,    2) (   2,    2) (   2,    2) (   2,    0)
          (   2,    1) (   2,    1) (   2,    2) (   1,    2) (   2,    1) (   2,    4) (   2,    3) (   2,    4) (   1,    0) (   2,    2)
          (   2,    2) (   2,    1) (   1,    0) (   2,    0) (   2,    2) (   2,    0) (   2,    2) (   2,    1) (   2,    0) (   2,    1)
          (   2,    1) (   2,    0) (   2,    1) (   2,    1) (   2,    2) (   0,    0) (   1,    0) (   1,    0) (   2,    2) (   1,    1)
          (   2,    1) (   2,    0) (   1,    3) (   2,    2) (   2,    3) (   2,    4) (   2,    2) (   2,    2) (   2,    1) (   1,    2)
          (   2,    0) (   2,    2) (   2,    3) (   2,    2) (   2,    2) (   2,    3) (   2,    0) (   2,    0) (   2,    2) (   1,    1)
          (   2,    1) (   2,    1) (   1,    2) (   2,    3) (   2,    1) (   2,    4) (   2,    2) (   1,    1) (   2,    1) (   2,    2)
          (   2,    3) (   2,    2) (   2,    5) (   2,    3) (   2,    2) (   2,    1) (   2,    1) (   2,    3) (   2,    4) (   2,    1)
          (   2,    2) (   2,    5) (   2,    4) (   2,    0) (   2,    2) (   2,    3) (   2,    2) (   2,    3) (   2,    2) (   2,    3)
          (   1,    1) (   2,    0) (   1,    2) (   1,    1) (   1,    1) (   2,    3) (   0,    3) (   1,    2) (   2,    2) (   2,    0)
          (   2,    1) (   1,    1) (   2,    2) (   2,    2) (   1,    2) (   2,    1) (   1,    4) (   2,    0) (   2,    1) (   1,    3)
          (   2,    2) (   2,    2) (   2,    4) (   2,    2) (   2,    3) (   2,    1) (   1,    1) (   2,    0) (   2,    1) (   2,    2)
          (   2,    1) (   2,    0) (   1,    2) (   1,    1) (   2,    3) (   1,    1) (   2,    0) (   2,    0) (   2,    3) (   2,    3)
          (   1,    3) (   2,    2) (   2,    2) (   1,    0) (   2,    3) (   2,    0) (   2,    1) (   1,    4) (   2,    2) (   2,    2)
          (   1,    0) (   2,    0) (   2,    0) (   2,    4) (   2,    1) (   2,    2) (   2,    4) (   2,    3) (   1,    2) (   2,    1)
          (   2,    0) (   0,    1) (   2,    0) (   2,    0) (   2,    1) (   1,    1) (   2,    0) (   2,    2) (   1,    1) (   2,    1)
          (   2,    2) (   2,    3) (   0,    3) (   1,    2) (   2,    4) (   2,    1) (   2,    1) (   2,    1) (   2,    1) (   2,    0)
          (   2,    2) (   2,    1) (   1,    0) (   2,    2) (   2,    2) (   2,    3) (   1,    0) (   2,    1) (   2,    6) (   2,    1)
          (   2,    3) (   2,    0) (   2,    1) (   2,    1) (   2,    4) (   1,    2) (   2,    2) (   2,    1) (   2,    3) (   1,    2)
          (   2,    0) (   2,    0) (   2,    3) (   2,    3) (   2,    1) (   2,    2) (   2,    2) (   1,    4) (   2,    3) (   2,    3)
          (   2,    0) (   1,    0) (   2,    0) (   2,    4) (   1,    2) (   2,    2) (   2,    2) (   2,    1) (   2,    2) (   1,    0)
          (   2,    2) (   2,    3) (   1,    2) (   2,    2) (   2,    2) (   1,    3) (   2,    0) (   2,    0) (   2,    0) (   2,    2)
          (   2,    2) (   2,    1) (   2,    0) (   2,    3) (   2,    2) (   2,    2) (   2,    1) (   2,    2) (   2,    3) (   2,    3)
          (   2,    3) (   2,    4) (   2,    2) (   2,    4) (   2,    1) (   2,    3) (   2,    2) (   2,    4) (   2,    3) (   2,    2)
          (   2,    2) (   2,    0) (   2,    1) (   2,    2) (   2,    3) (   2,    3) (   2,    1) (   2,    3) (   2,    0) (   2,    2)
          (   2,    3) (   2,    1) (   2,    2) (   2,    3) (   2,    4) (   2,    1) (   2,    0) (   2,    1) (   2,    2) (   2,    0)
          (   2,    0) (   2,    0) (   2,    1) (   2,    3) (   2,    2) (   2,    2) (   2,    3) (   2,    1) (   2,    5) (   2,    3)
          (   2,    3) (   2,    0) (   2,    2) (   2,    2) (   2,    1) (   2,    0) (   2,    0) (   2,    1) (   2,    1) (   2,    3)
          (   2,    1) (   2,    1) (   2,    1) (   2,    1) (   2,    2) (   2,    3) (   2,    1) (   2,    3) (   2,    2) (   2,    1)
          (   2,    3) (   2,    2) (   2,    4) (   2,    1) (   2,    2) (   2,    2) (   2,    2) (   2,    1) (   2,    1) (   2,    1)
          (   2,    3) (   2,    3) (   2,    3) (   2,    0) (   2,    4) (   2,    2) (   2,    1) (   2,    3) (   2,    1) (   2,    4)
          (   2,    1) (   2,    3) (   2,    2) (   2,    4) (   2,    0) (   2,    1) (   2,    1) (   2,    1) (   2,    4) (   2,    3)
          (   2,    2) (   2,    1) (   2,    2) (   2,    1) (   2,    5) (   2,    2) (   2,    2) (   2,    3) (   2,    1) (   2,    1)
          (   2,    3) (   2,    1) (   2,    3) (   2,    3) (   2,    1) (   2,    1) (   2,    1) (   2,    0) (   2,    4) (   2,    1)
          (   2,    2) (   2,    4) (   2,    2) (   2,    0) (   2,    1) (   2,    2) (   2,    3) (   2,    2) (   2,    3) (   2,    2)
          (   2,    1) (   2,    0) (   2,    1) (   2,    2) (   2,    3) (   2,    2) (   2,    0) (   2,    1) (   2,    2) (   2,    3)
          (   2,    0) (   2,    0) (   2,    3) (   2,    1) (   2,    2) (   2,    2) (   2,    4) (   2,    4) (   2,    1) (   2,    2)
          (   2,    2) (   2,    1) (   2,    1) (   2,    0) (   2,    1) (   2,    3) (   2,    1) (   2,    2) (   2,    3) (   2,    2)
          (   2,    4) (   2,    2) (   2,    1) (   2,    2) (   2,    2) (   2,    3) (   2,    2) (   2,    1) (   2,    2) (   2,    1)
          (   2,    6) (   2,    2) (   2,    2) (   2,    1) (   2,    2) (   2,    3) (   2,    2) (   2,    0) (   2,    4) (   2,    0)
          (   2,    3) (   2,    5) (   2,    1) (   2,    3) (   2,    0) (   2,    1) (   2,    3) (   2,    2) (   2,    7) (   2,    1)
          (   2,    4) (   2,    2) (   2,    4) (   2,    2) (   2,    3) (   2,    3) (   2,    2) (   2,    2) (   2,    2) (   2,    1)
          (   2,    2) (   2,    1) (   2,    2) (   2,    1) (   2,    5) (   2,    0) (   2,    2) (   2,    1) (   2,    1) (   2,    2)
          (   2,    2) (   2,    3) (   2,    4) (   2,    1) (   2,    3) (   2,    3) (   2,    1) (   2,    3) (   2,    1) (   2,    2)
          (   2,    1) (   2,    2) (   2,    1) (   2,    2) (   2,    0) (   2,    3) (   2,    2) (   2,    2) (   2,    2) (   2,    1)
          (   2,    2) (   2,    1) (   2,    2) (   2,    5) (   2,    1) (   2,    0) (   2,    0) (   2,    3) (   2,    0) (   2,    2)
          (   2,    4) (   2,    2) (   2,    2) (   2,    0) (   2,    2) (   2,    2) (   2,    3) (   2,    1) (   2,    1) (   2,    5)
          (   2,    2) (   2,    0) (   2,    3) (   2,    2) (   2,    3) (   2,    2) (   2,    0) (   2,    2) (   2,    2) (   2,    2)
          (   2,    2) (   2,    3) (   2,    2) (   2,    2) (   2,    3) (   2,    2) (   2,    1) (   2,    6) (   2,    0) (   2,    1)
          (   2,    1) (   2,    3) (   2,    2) (   2,    1) (   2,    2) (   2,    3) (   2,    1) (   2,    3) (   2,    2) (   2,    3)
          (   2,    3) (   2,    3) (   2,    2) (   2,    2) (   2,    2) (   2,    1) (   2,    1) (   2,    1) (   2,    0) (   2,    0)
          (   2,    2) (   2,    1) (   2,    0) (   2,    2) (   2,    1) (   2,    1) (   2,    4) (   2,    2) (   2,    1) (   2,    2)
          (   2,    2) (   2,    2) (   2,    2) (   2,    0) (   2,    2) (   2,    4) (   2,    3) (   2,    1) (   2,    4) (   2,    2)
          (   2,    3) (   2,    0) (   2,    3) (   2,    0) (   2,    1) (   2,    1) (   2,    1) (   2,    3) (   2,    3) (   2,    3)
          (   2,    0) (   2,    1) (   2,    1) (   2,    1) (   2,    2) (   2,    0) (   2,    3) (   2,    0) (   2,    0) (   2,    3)
          (   2,    0) (   2,    3) (   2,    1) (   2,    2) (   2,    2) (   2,    0) (   2,    1) (   2,    3) (   2,    2) (   2,    4)
          (   2,    3) (   2,    1) (   2,    2) (   2,    1) (   2,    0) (   2,    1) (   2,    0) (   2,    2) (   2,    1) (   2,    1)
          (   2,    0) (   2,    1) (   2,    1) (   2,    1) (   2,    3) (   2,    3) (   2,    1) (   2,    1) (   2,    1) (   2,    0)
          (   2,    3) (   2,    4) (   2,    2) (   2,    2) (   2,    2) (   2,    2) (   2,    2) (   2,    5) (   2,    1) (   2,    1)
          (   2,    2) (   2,    3) (   2,    0) (   2,    2) (   2,    3) (   2,    2) (   2,    2) (   2,    1) (   2,    0) (   2,    2)
          (   2,    4) (   2,    1) (   2,    3) (   2,    3) (   2,    2) (   2,    3) (   2,    1) (   2,    1) (   2,    2) (   2,    1)
          (   2,    0) (   2,    2) (   2,    1) (   2,    5) (   2,    2) (   2,    3) (   2,    1) (   2,    4) (   2,    4) (   2,    3)
         
node   3 sent_total   1338  recv_total   1278

node   4  (   1,    0) (   0,    0) (   2,    2) (   2,    1) (   2,    3) (   2,    1) (   2,    2) (   2,    5) (   2,    3) (   2,    1)
          (   2,    4) (   2,    2) (   2,    0) (   2,    2) (   2,    3) (   2,    3) (   2,    3) (   2,    0) (   2,    1) (   2,    2)
          (   2,    0) (   2,    2) (   2,    1) (   2,    0) (   2,    3) (   2,    4) (   2,    0) (   2,    1) (   2,    2) (   2,    2)
          (   2,    1) (   2,    1) (   2,    1) (   2,    3) (   2,    2) (   2,    2) (   2,    3) (   2,    3) (   2,    2) (   2,    1)
          (   2,    2) (   2,    1) (   2,    1) (   2,    2) (   2,    2) (   2,    0) (   2,    2) (   2,    2) (   2,    4) (   2,    2)
          (   2,    3) (   1,    3) (   1,    2) (   2,    1) (   2,    2) (   2,    0) (   2,    1) (   1,    2) (   2,    1) (   2,    2)
          (   1,    3) (   2,    1) (   2,    1) (   2,    1) (   1,    4) (   2,    2) (   1,    2) (   2,    1) (   2,    3) (   2,    3)
          (   2,    2) (   1,    1) (   2,    4) (   2,    1) (   1,    1) (   1,    2) (   2,    1) (   2,    3) (   2,    2) (   2,    1)
          (   2,    1) (   2,    3) (   1,    1) (   2,    3) (   2,    1) (   2,    3) (   1,    2) (   2,    2) (   0,    5) (   2,    3)
          (   2,    0) (   2,    4) (   2,    2) (   0,    1) (   2,    5) (   2,    1) (   2,    2) (   2,    2) (   2,    3) (   1,    0)
          (   2,    2) (   2,    4) (   2,    1) (   2,    0) (   2,    2) (   2,    2) (   2,    2) (   2,    2) (   2,    2) (   2,    2)
          (   2,    0) (   2,    2) (   2,    3) (   2,    5) (   2,    1) (   2,    2) (   2,    3) (   1,    3) (   2,    3) (   2,    1)
          (   2,    1) (   2,    2) (   2,    1) (   2,    3) (   0,    2) (   2,    0) (   2,    2) (   2,    3) (   2,    1) (   2,    1)
          (   2,    2) (   2,    1) (   2,    3) (   1,    2) (   2,    2) (   1,    2) (   2,    0) (   2,    0) (   2,    2) (   2,    4)
          (   2,    0) (   2,    1) (   1,    1) (   2,    1) (   2,    3) (   2,    3) (   2,    2) (   1,    1) (   2,    1) (   2,    3)
          (   2,    1) (   2,    3) (   2,    1) (   2,    3) (   2,    2) (   2,    3) (   2,    3) (   2,    3) (   2,    1) (   2,    3)
          (   2,    3) (   2,    1) (   1,    2) (   2,    2) (   2,    2) (   2,    3) (   2,    3) (   2,    1) (   1,    2) (   2,    1)
          (   2,    3) (   2,    5) (   2,    1) (   1,    1) (   2,    2) (   2,    2) (   2,    2) (   2,    0) (   2,    1) (   2,    2)
          (   2,    1) (   2,    3) (   2,    2) (   2,    0) (   2,    2) (   2,    2) (   2,    2) (   2,    2) (   2,    1) (   2,    0)
          (   2,    2) (   2,    3) (   2,    2) (   2,    1) (   2,    4) (   2,    2) (   2,    1) (   2,    1) (   2,    2) (   2,    1)
          (   2,    3) (   2,    4) (   2,    2) (   2,    0) (   1,    2) (   2,    2) (   2,    1) (   2,    3) (   2,    0) (   2,    1)
          (   1,    3) (   2,    4) (   2,    1) (   1,    2) (   2,    1) (   2,    1) (   2,    3) (   2,    0) (   2,    1) (   2,    1)
          (   2,    2) (   2,    2) (   1,    2) (   2,    1) (   2,    3) (   2,    2) (   2,    1) (   1,    0) (   1,    1) (   2,    0)
          (   2,    3) (   2,    1) (   2,    1) (   2,    2) (   2,    2) (   2,    5) (   2,    2) (   1,    2) (   2,    0) (   1,    1)
          (   2,    2) (   2,    1) (   2,    2) (   2,    1) (   2,    1) (   1,    2) (   2,    4) (   2,    1) (   2,    1) (   1,    4)
          (   2,    1) (   2,    2) (   2,    3) (   1,    2) (   2,    0) (   2,    0) (   2,    4) (   2,    3) (   2,    1) (   2,    1)
          (   1,    2) (   2,    2) (   2,    6) (   2,    2) (   2,    0) (   2,    2) (   2,    3) (   2,    0) (   2,    2) (   1,    0)
          (   2,    0) (   1,    2) (   2,    3) (   2,    1) (   2,    1) (   2,    1) (   2,    0) (   2,    1) (   2,    0) (   2,    4)
          (   1,    2) (   2,    0) (   2,    2) (   1,    1) (   1,    2) (   2,    1) (   2,    0) (   2,    1) (   2,    3) (   2,    1)
          (   2,    2) (   2,    2) (   2,    2) (   2,    1) (   1,    0) (   1,    2) (   2,    1) (   2,    1) (   2,    1) (   2,    3)
          (   2,    2) (   2,    4) (   2,    2) (   2,    3) (   2,    3) (   2,    5) (   2,    1) (   2,    4) (   2,    1) (   2,    1)
          (   2,    2) (   2,    2) (   2,    1) (   2,    1) (   2,    3) (   2,    1) (   2,    2) (   2,    2) (   2,    2) (   2,    1)
          (   2,    3) (   2,    5) (   2,    2) (   2,    2) (   2,    1) (   2,    2) (   2,    1) (   2,    2) (   2,    4) (   2,    2)
          (   2,    2) (   2,    1) (   2,    3) (   2,    2) (   2,    3) (   2,    4) (   2,    2) (   2,    2) (   2,    3) (   2,    2)
          (   2,    2) (   2,    4) (   2,    1) (   2,    1) (   2,    0) (   2,    3) (   2,    2) (   2,    3) (   2,    3) (   2,    4)
          (   2,    4) (   2,    1) (   2,    3) (   2,    1) (   2,    3) (   2,    2) (   2,    2) (   2,    1) (   2,    1) (   2,    1)
          (   2,    4) (   2,    1) (   2,    4) (   2,    3) (   2,    0) (   2,    2) (   2,    3) (   2,    4) (   2,    2) (   2,    3)
          (   2,    3) (   2,    0) (   2,    5) (   2,    0) (   2,    3) (   2,    1) (   2,    3) (   2,    3) (   2,    3) (   2,    0)
          (   2,    0) (   2,    4) (   2,    4) (   2,    4) (   2,    1) (   2,    0) (   2,    1) (   2,    2) (   2,    1) (   2,    2)
          (   2,    2) (   2,    4) (   2,    0) (   2,    1) (   2,    5) (   2,    2) (   2,    2) (   2,    5) (   2,    1) (   2,    0)
          (   2,    2) (   2,    2) (   2,    2) (   2,    3) (   2,    1) (   2,    2) (   2,    1) (   2,    2) (   2,    4) (   2,    5)
          (   2,    3) (   2,    2) (   2,    1) (   2,    1) (   2,    1) (   2,    2) (   2,    3) (   2,    2) (   2,    4) (   2,    0)
          (   2,    3) (   2,    2) (   2,    2) (   2,    3) (   2,    0) (   2,    1) (   2,    2) (   2,    2) (   2,    1) (   2,    3)
          (   2,    3) (   2,    2) (   2,    1) (   2,    2) (   2,    2) (   2,    1) (   2,    1) (   2,    1) (   2,    1) (   2,    2)
          (   2,    1) (   2,    3) (   2,    1) (   2,    2) (   2,    2) (   2,    1) (   2,    2) (   2,    1) (   2,    1) (   2,    2)
          (   2,    4) (   2,    1) (   2,    4) (   2,    2) (   2,    3) (   2,    2) (   2,    3) (   2,    1) (   2,    3) (   2,    1)
          (   2,    2) (   2,    1) (   2,    4) (   2,    2) (   2,    3) (   2,    2) (   2,    4) (   2,    1) (   2,    1) (   2,    3)
          (   2,    2) (   2,    1) (   2,    3) (   2,    3) (   2,    0) (   2,    4) (   2,    0) (   2,    2) (   2,    4) (   2,    1)
          (   2,    2) (   2,    1) (   2,    4) (   2,    1) (   2,    3) (   2,    1) (   2,    1) (   2,    3) (   2,    0) (   2,    1)
          (   2,    0) (   2,    2) (   2,    3) (   2,    2) (   2,    2) (   2,    5) (   2,    5) (   2,    2) (   2,    2) (   2,    2)
          (   2,    5) (   2,    3) (   2,    0) (   2,    0) (   2,    4) (   2,    4) (   2,    1) (   2,    1) (   2,    1) (   2,    1)
          (   2,    3) (   2,    3) (   2,    3) (   2,    4) (   2,    2) (   2,    3) (   2,    2) (   2,    1) (   2,    1) (   2,    0)
          (   2,    3) (   2,    3) (   2,    0) (   2,    1) (   2,    2) (   2,    0) (   2,    1) (   2,    1) (   2,    2) (   2,    3)
          (   2,    3) (   2,    0) (   2,    1) (   2,    0) (   2,    2) (   2,    3) (   2,    2) (   2,    3) (   2,    3) (   2,    3)
          (   2,    1) (   2,    0) (   2,    2) (   2,    4) (   2,    2) (   2,    0) (   2,    3) (   2,    1) (   2,    1) (   2,    0)
          (   2,    0) (   2,    1) (   2,    2) (   2,    3) (   2,    3) (   2,    1) (   2,    2) (   2,    2) (   2,    3) (   2,    1)
          (   2,    2) (   2,    1) (   2,    4) (   2,    2) (   2,    2) (   2,    5) (   2,    1) (   2,    0) (   2,    2) (   2,    1)
          (   2,    3) (   2,    1) (   2,    2) (   2,    1) (   2,    3) (   2,    2) (   2,    2) (   2,    4) (   2,    5) (   2,    0)
          (   2,    2) (   2,    3) (   2,    4) (   2,    1) (   2,    1) (   2,    3) (   2,    3) (   2,    5) (   2,    1) (   2,    2)
          (   2,    2) (   2,    3) (   2,    5) (   2,    2) (   2,    4) (   2,    1) (   2,    2) (   2,    2) (   2,    2) (   2,    1)
          (   2,    0) (   2,    1) (   2,    1) (   2,    1) (   2,    3) (   2,    0) (   2,    2) (   2,    1) (   2,    3) (   2,    1)
          (   2,    3) (   2,    2) (   2,    2) (   2,    4) (   2,    3) (   2,    1) (   2,    1) (   2,    2) (   2,    1) (   2,    2)
          (   2,    2) (   2,    4) (   2,    2) (   2,    2) (   2,    3) (   2,    3) (   2,    2) (   2,    5) (   2,    3) (   2,    4)
          (   2,    3) (   2,    2) (   2,    2) (   2,    2) (   2,    2) (   2,    4) (   2,    3) (   2,    3) (   2,    0) (   2,    1)
          (   2,    3) (   2,    4) (   2,    1) (   2,    2) (   2,    2) (   2,    3) (   2,    3) (   2,    2) (   2,    3) (   2,    1)
          (   2,    1) (   2,    3) (   2,    2) (   2,    1) (   2,    3) (   2,    3) (   2,    2) (   2,    2) (   2,    3) (   2,    4)
          (   2,    2) (   2,    2) (   2,    3) (   2,    3) (   2,    3) (   2,    2) (   2,    4) (   2,    2) (   2,    3) (   2,    3)
          (   2,    1) (   2,    3) (   2,    2) (   2,    2) (   2,    2) (   2,    3) (   2,    1) (   2,    2) (   2,    3) (   2,    5)
          (   2,    1) (   2,    3) (   2,    0) (   2,    2) (   2,    1) (   2,    1) (   2,    1) (   2,    3) (   2,    4) (   2,    3)
          (   2,    3) (   2,    3) (   2,    5) (   2,    0) (   2,    4) (   2,    4) (   2,    4) (   2,    0) (   2,    1) (   2,    2)
         
node   4 sent_total   1352  recv_total   1398

node   5  (   0,    0) (   1,    0) (   0,    0) (   1,    1) (   1,    1) (   2,    5) (   2,    3) (   2,    0) (   2,    1) (   2,    2)
          (   2,    0) (   2,    2) (   2,    3) (   2,    1) (   2,    3) (   2,    3) (   2,    1) (   2,    0) (   2,    3) (   2,    1)
          (   2,    2) (   2,    1) (   2,    4) (   2,    0) (   2,    3) (   2,    2) (   2,    3) (   2,    0) (   2,    3) (   2,    4)
          (   2,    1) (   2,    6) (   2,    2) (   2,    1) (   2,    1) (   2,    2) (   2,    1) (   2,    1) (   2,    3) (   2,    3)
          (   2,    2) (   2,    2) (   2,    1) (   2,    3) (   2,    2) (   2,    1) (   2,    2) (   2,    1) (   2,    0) (   2,    1)
          (   2,    4) (   2,    0) (   1,    3) (   2,    3) (   1,    2) (   2,    1) (   2,    2) (   2,    1) (   2,    0) (   2,    2)
          (   1,    0) (   2,    2) (   2,    3) (   1,    2) (   2,    2) (   2,    3) (   1,    4) (   2,    0) (   2,    3) (   2,    2)
          (   2,    3) (   2,    0) (   2,    2) (   2,    2) (   2,    2) (   2,    1) (   2,    2) (   2,    2) (   2,    2) (   2,    2)
          (   2,    1) (   2,    1) (   2,    2) (   2,    1) (   2,    3) (   2,    2) (   2,    3) (   2,    0) (   2,    3) (   2,    2)
          (   2,    5) (   2,    1) (   2,    4) (   1,    2) (   1,    1) (   2,    2) (   2,    3) (   2,    1) (   2,    2) (   2,    0)
          (   1,    1) (   2,    0) (   2,    3) (   2,    1) (   2,    0) (   2,    0) (   2,    0) (   2,    1) (   2,    3) (   2,    3)
          (   2,    3) (   2,    3) (   2,    3) (   2,    2) (   2,    1) (   2,    1) (   2,    1) (   2,    1) (   2,    1) (   2,    2)
          (   2,    0) (   2,    3) (   2,    0) (   2,    1) (   2,    3) (   1,    0) (   2,    2) (   2,    2) (   2,    4) (   2,    2)
          (   2,    1) (   2,    3) (   1,    2) (   2,    2) (   2,    0) (   2,    1) (   2,    0) (   2,    2) (   2,    2) (   2,    1)
          (   1,    2) (   2,    1) (   2,    4) (   2,    1) (   2,    2) (   2,    2) (   1,    3) (   2,    2) (   2,    2) (   2,    2)
          (   2,    2) (   2,    2) (   2,    2) (   2,    1) (   2,    3) (   2,    2) (   2,    2) (   2,    0) (   2,    1) (   2,    5)
          (   1,    2) (   2,    1) (   2,    2) (   2,    2) (   2,    0) (   2,    3) (   2,    3) (   2,    0) (   2,    3) (   2,    1)
          (   2,    2) (   2,    1) (   2,    2) (   2,    1) (   2,    1) (   2,    1) (   2,    1) (   2,    1) (   2,    5) (   2,    2)
          (   2,    1) (   1,    0) (   1,    0) (   1,    2) (   2,    2) (   2,    1) (   2,    0) (   2,    1) (   2,    2) (   2,    3)
          (   2,    3) (   2,    2) (   2,    3) (   2,    3) (   1,    1) (   2,    2) (   2,    1) (   2,    2) (   1,    1) (   2,    2)
          (   1,    5) (   2,    2) (   2,    2) (   2,    1) (   2,    1) (   1,    2) (   2,    2) (   2,    1) (   2,    1) (   1,    2)
          (   2,    1) (   1,    2) (   2,    3) (   2,    2) (   1,    1) (   2,    4) (   2,    2) (   2,    2) (   2,    0) (   2,    3)
          (   2,    2) (   2,    0) (   2,    2) (   2,    1) (   2,    1) (   2,    1) (   2,    1) (   2,    1) (   2,    2) (   1,    0)
          (   2,    1) (   2,    4) (   2,    3) (   2,    0) (   0,    0) (   2,    0) (   2,    2) (   1,    1) (   2,    1) (   2,    2)
          (   2,    1) (   2,    2) (   2,    1) (   1,    2) (   1,    3) (   2,    2) (   1,    0) (   1,    3) (   2,    3) (   1,    0)
          (   2,    3) (   2,    1) (   2,    3) (   2,    5) (   2,    2) (   2,    0) (   2,    2) (   2,    3) (   2,    0) (   2,    1)
          (   2,    2) (   2,    2) (   1,    3) (   2,    1) (   2,    2) (   2,    1) (   2,    0) (   2,    2) (   1,    0) (   2,    2)
          (   2,    3) (   2,    3) (   1,    1) (   2,    1) (   2,    1) (   2,    3) (   2,    3) (   2,    1) (   2,    1) (   2,    1)
          (   1,    3) (   2,    3) (   2,    2) (   2,    1) (   2,    1) (   2,    2) (   2,    0) (   2,    0) (   2,    3) (   1,    1)
          (   2,    0) (   2,    4) (   2,    0) (   2,    3) (   2,    4) (   2,    1) (   1,    3) (   2,    2) (   2,    1) (   1,    4)
          (   2,    2) (   2,    1) (   2,    1) (   2,    0) (   2,    2) (   2,    0) (   2,    1) (   2,    1) (   2,    4) (   2,    2)
          (   2,    3) (   2,    1) (   2,    3) (   2,    2) (   2,    2) (   2,    3) (   2,    0) (   2,    1) (   2,    4) (   2,    2)
          (   2,    2) (   2,    2) (   2,    1) (   2,    0) (   2,    2) (   2,    1) (   2,    3) (   2,    2) (   2,    3) (   2,    3)
          (   2,    0) (   2,    2) (   2,    2) (   2,    1) (   2,    1) (   2,    4) (   2,    1) (   2,    2) (   2,    4) (   2,    4)
          (   2,    1) (   2,    2) (   2,    3) (   2,    2) (   2,    1) (   2,    1) (   2,    0) (   2,    4) (   2,    1) (   2,    0)
          (   2,    1) (   2,    1) (   2,    4) (   2,    1) (   2,    2) (   2,    1) (   2,    1) (   2,    4) (   2,    2) (   2,    3)
          (   2,    0) (   2,    2) (   2,    0) (   2,    3) (   2,    3) (   2,    3) (   2,    1) (   2,    2) (   2,    3) (   2,    1)
          (   2,    0) (   2,    0) (   2,    0) (   2,    0) (   2,    1) (   2,    2) (   2,    2) (   2,    2) (   2,    3) (   2,    3)
          (   2,    0) (   2,    1) (   2,    3) (   2,    2) (   2,    2) (   2,    2) (   2,    1) (   2,    3) (   2,    1) (   2,    2)
          (   2,    2) (   2,    3) (   2,    3) (   2,    2) (   2,    2) (   2,    1) (   2,    1) (   2,    2) (   2,    2) (   2,    3)
          (   2,    1) (   2,    2) (   2,    3) (   2,    1) (   2,    1) (   2,    4) (   2,    3) (   2,    2) (   2,    0) (   2,    1)
          (   2,    1) (   2,    4) (   2,    1) (   2,    2) (   2,    1) (   2,    2) (   2,    0) (   2,    2) (   2,    1) (   2,    3)
          (   2,    1) (   2,    3) (   2,    1) (   2,    4) (   2,    0) (   2,    1) (   2,    2) (   2,    3) (   2,    2) (   2,    2)
          (   2,    1) (   2,    4) (   2,    4) (   2,    3) (   2,    1) (   2,    2) (   2,    2) (   2,    0) (   2,    1) (   2,    2)
          (   2,    3) (   2,    2) (   2,    3) (   2,    2) (   2,    1) (   2,    3) (   2,    1) (   2,    3) (   2,    3) (   2,    1)
          (   2,    2) (   2,    2) (   2,    1) (   2,    2) (   2,    1) (   2,    2) (   2,    0) (   2,    2) (   2,    1) (   2,    4)
          (   2,    3) (   2,    2) (   2,    2) (   2,    2) (   2,    0) (   2,    3) (   2,    2) (   2,    2) (   2,    2) (   2,    2)
          (   2,    2) (   2,    0) (   2,    2) (   2,    1) (   2,    1) (   2,    1) (   2,    2) (   2,    3) (   2,    1) (   2,    2)
          (   2,    1) (   2,    3) (   2,    1) (   2,    2) (   2,    0) (   2,    0) (   2,    3) (   2,    2) (   2,    1) (   2,    3)
          (   2,    0) (   2,    4) (   2,    3) (   2,    0) (   2,    3) (   2,    2) (   2,    2) (   2,    4) (   2,    2) (   2,    1)
          (   2,    2) (   2,    2) (   2,    3) (   2,    3) (   2,    1) (   2,    2) (   2,    2) (   2,    1) (   2,    5) (   2,    3)
          (   2,    1) (   2,    2) (   2,    1) (   2,    2) (   2,    1) (   2,    2) (   2,    4) (   2,    4) (   2,    3) (   2,    1)
          (   2,    0) (   2,    1) (   2,    4) (   2,    2) (   2,    1) (   2,    1) (   2,    2) (   2,    2) (   2,    3) (   2,    2)
          (   2,    2) (   2,    1) (   2,    5) (   2,    1) (   2,    2) (   2,    1) (   2,    2) (   2,    3) (   2,    1) (   2,    0)
          (   2,    2) (   2,    2) (   2,    2) (   2,    1) (   2,    2) (   2,    3) (   2,    2) (   2,    3) (   2,    3) (   2,    2)
          (   2,    1) (   2,    3) (   2,    2) (   2,    2) (   2,    2) (   2,    5) (   2,    3) (   2,    2) (   2,    2) (   2,    4)
          (   2,    1) (   2,    4) (   2,    1) (   2,    1) (   2,    2) (   2,    1) (   2,    3) (   2,    2) (   2,    3) (   2,    3)
          (   2,    2) (   2,    0) (   2,    2) (   2,    1) (   2,    2) (   2,    4) (   2,    2) (   2,    2) (   2,    1) (   2,    2)
          (   2,    0) (   2,    1) (   2,    3) (   2,    1) (   2,    2) (   2,    2) (   2,    4) (   2,    2) (   2,    3) (   2,    2)
          (   2,    2) (   2,    2) (   2,    0) (   2,    5) (   2,    2) (   2,    1) (   2,    0) (   2,    1) (   2,    2) (   2,    3)
          (   2,    2) (   2,    2) (   2,    1) (   2,    1) (   2,    3) (   2,    1) (   2,    2) (   2,    1) (   2,    1) (   2,    3)
          (   2,    3) (   2,    3) (   2,    3) (   2,    3) (   2,    2) (   2,    2) (   2,    1) (   2,    2) (   2,    1) (   2,    2)
          (   2,    3) (   2,    3) (   2,    2) (   2,    0) (   2,    1) (   2,    5) (   2,    2) (   2,    0) (   2,    2) (   2,    5)
          (   2,    1) (   2,    3) (   2,    0) (   2,    2) (   2,    0) (   2,    2) (   2,    2) (   2,    0) (   2,    1) (   2,    1)
          (   2,    3) (   2,    1) (   2,    3) (   2,    3) (   2,    1) (   2,    3) (   2,    3) (   2,    0) (   2,    1) (   2,    3)
          (   2,    0) (   2,    1) (   2,    1) (   2,    3) (   2,    0) (   2,    2) (   2,    3) (   2,    3) (   2,    5) (   2,    0)
          (   2,    1) (   2,    3) (   2,    5) (   2,    1) (   2,    3) (   2,    1) (   2,    3) (   2,    2) (   2,    2) (   2,    3)
          (   2,    4) (   2,    1) (   2,    2) (   2,    1) (   2,    4) (   2,    1) (   2,    1) (   2,    2) (   2,    2) (   2,    1)
          (   2,    1) (   2,    1) (   2,    2) (   2,    1) (   2,    4) (   2,    1) (   2,    0) (   2,    2) (   2,    3) (   2,    2)
          (   2,    2) (   2,    1) (   2,    1) (   2,    2) (   2,    3) (   2,    1) (   2,    2) (   2,    2) (   2,    0) (   2,    2)
         
node   5 sent_total   1354  recv_total   1283

node   6  (   0,    0) (   1,    0) (   0,    0) (   2,    2) (   2,    0) (   2,    0) (   2,    1) (   2,    5) (   2,    5) (   2,    2)
          (   2,    2) (   2,    3) (   2,    0) (   2,    2) (   2,    1) (   2,    0) (   2,    2) (   2,    2) (   2,    3) (   2,    6)
          (   2,    5) (   2,    3) (   2,    1) (   2,    1) (   2,    2) (   2,    2) (   2,    3) (   2,    6) (   2,    3) (   2,    1)
          (   2,    1) (   2,    1) (   2,    3) (   2,    0) (   2,    2) (   2,    1) (   2,    0) (   2,    1) (   2,    0) (   2,    2)
          (   2,    2) (   2,    3) (   2,    3) (   2,    2) (   2,    2) (   2,    1) (   2,    3) (   2,    2) (   2,    1) (   2,    1)
          (   2,    2) (   2,    2) (   2,    1) (   2,    1) (   2,    2) (   2,    2) (   2,    2) (   2,    3) (   2,    0) (   2,    0)
          (   2,    3) (   2,    1) (   2,    3) (   1,    1) (   1,    2) (   2,    1) (   2,    2) (   1,    1) (   2,    1) (   2,    2)
          (   2,    2) (   2,    2) (   1,    1) (   2,    1) (   2,    2) (   2,    0) (   2,    1) (   2,    2) (   2,    1) (   1,    1)
          (   2,    2) (   1,    5) (   2,    3) (   2,    3) (   2,    2) (   2,    2) (   2,    0) (   1,    3) (   2,    0) (   2,    2)
          (   2,    1) (   2,    3) (   2,    3) (   2,    4) (   2,    1) (   2,    1) (   2,    4) (   2,    3) (   1,    5) (   2,    1)
          (   2,    2) (   2,    4) (   2,    4) (   2,    1) (   2,    2) (   1,    2) (   1,    4) (   2,    3) (   2,    0) (   1,    3)
          (   2,    0) (   2,    1) (   2,    0) (   1,    0) (   1,    3) (   2,    3) (   2,    2) (   2,    2) (   2,    1) (   2,    4)
          (   2,    3) (   2,    2) (   2,    2) (   2,    2) (   2,    2) (   2,    4) (   2,    1) (   2,    2) (   1,    3) (   2,    3)
          (   2,    5) (   2,    1) (   1,    1) (   2,    1) (   2,    1) (   2,    1) (   1,    2) (   2,    2) (   2,    2) (   2,    2)
          (   2,    4) (   2,    2) (   2,    1) (   2,    1) (   2,    1) (   2,    1) (   1,    1) (   2,    0) (   2,    2) (   2,    1)
          (   2,    4) (   2,    1) (   2,    2) (   2,    2) (   2,    2) (   2,    3) (   1,    1) (   1,    3) (   2,    2) (   2,    0)
          (   2,    2) (   2,    0) (   2,    2) (   2,    3) (   2,    1) (   2,    4) (   2,    1) (   2,    1) (   2,    2) (   2,    0)
          (   2,    1) (   1,    3) (   2,    2) (   2,    2) (   2,    2) (   2,    2) (   2,    4) (   1,    3) (   2,    1) (   2,    2)
          (   2,    0) (   1,    4) (   2,    0) (   2,    2) (   2,    0) (   2,    1) (   1,    2) (   2,    3) (   2,    4) (   1,    3)
          (   2,    1) (   2,    0) (   0,    1) (   2,    0) (   1,    2) (   2,    2) (   2,    3) (   1,    2) (   1,    3) (   2,    2)
          (   2,    1) (   2,    0) (   2,    2) (   1,    3) (   2,    1) (   1,    3) (   2,    2) (   2,    5) (   2,    1) (   2,    2)
          (   2,    1) (   1,    2) (   2,    2) (   1,    1) (   2,    0) (   2,    2) (   2,    1) (   1,    2) (   1,    3) (   2,    2)
          (   2,    1) (   2,    3) (   2,    1) (   2,    0) (   2,    1) (   2,    1) (   0,    2) (   2,    0) (   2,    3) (   2,    2)
          (   2,    1) (   2,    0) (   1,    3) (   1,    2) (   1,    1) (   1,    3) (   1,    4) (   2,    1) (   2,    0) (   1,    3)
          (   2,    3) (   2,    3) (   2,    1) (   2,    1) (   2,    1) (   1,    3) (   2,    3) (   2,    2) (   2,    2) (   2,    3)
          (   2,    2) (   2,    3) (   2,    3) (   2,    1) (   2,    2) (   2,    2) (   2,    3) (   2,    2) (   2,    4) (   2,    1)
          (   2,    4) (   1,    2) (   2,    2) (   1,    5) (   2,    3) (   2,    1) (   2,    0) (   2,    1) (   2,    2) (   1,    3)
          (   1,    1) (   2,    3) (   2,    4) (   1,    3) (   2,    2) (   1,    3) (   2,    2) (   2,    1) (   2,    1) (   2,    1)
          (   1,    0) (   2,    2) (   2,    4) (   2,    1) (   2,    1) (   2,    3) (   2,    2) (   2,    1) (   2,    2) (   2,    5)
          (   2,    4) (   2,    2) (   2,    1) (   1,    2) (   1,    1) (   2,    2) (   2,    1) (   1,    3) (   2,    4) (   0,    0)
          (   2,    1) (   2,    0) (   2,    1) (   2,    1) (   2,    1) (   2,    0) (   2,    2) (   2,    0) (   2,    0) (   2,    1)
          (   2,    1) (   2,    0) (   2,    0) (   2,    1) (   2,    3) (   2,    1) (   2,    1) (   2,    3) (   2,    3) (   2,    5)
          (   2,    1) (   2,    1) (   2,    3) (   2,    2) (   2,    1) (   2,    3) (   2,    4) (   2,    1) (   2,    3) (   2,    2)
          (   2,    2) (   2,    2) (   2,    2) (   2,    2) (   2,    2) (   2,    2) (   2,    3) (   2,    1) (   2,    2) (   2,    3)
          (   2,    2) (   2,    2) (   2,    3) (   2,    2) (   2,    2) (   2,    1) (   2,    3) (   2,    0) (   2,    0) (   2,    1)
          (   2,    1) (   2,    5) (   2,    0) (   2,    0) (   2,    4) (   2,    4) (   2,    1) (   2,    3) (   2,    3) (   2,    3)
          (   2,    4) (   2,    0) (   2,    4) (   2,    4) (   2,    0) (   2,    1) (   2,    3) (   2,    0) (   2,    2) (   2,    5)
          (   2,    0) (   2,    3) (   2,    4) (   2,    2) (   2,    1) (   2,    2) (   2,    0) (   2,    1) (   2,    2) (   2,    2)
          (   2,    3) (   2,    1) (   2,    1) (   2,    3) (   2,    0) (   2,    2) (   2,    1) (   2,    2) (   2,    2) (   2,    2)
          (   2,    1) (   2,    0) (   2,    1) (   2,    2) (   2,    1) (   2,    2) (   2,    2) (   2,    4) (   2,    3) (   2,    1)
          (   2,    3) (   2,    0) (   2,    6) (   2,    3) (   2,    4) (   2,    1) (   2,    2) (   2,    2) (   2,    1) (   2,    2)
          (   2,    2) (   2,    2) (   2,    1) (   2,    1) (   2,    1) (   2,    2) (   2,    3) (   2,    2) (   2,    2) (   2,    4)
          (   2,    3) (   2,    1) (   2,    2) (   2,    1) (   2,    3) (   2,    2) (   2,    2) (   2,    1) (   2,    1) (   2,    0)
          (   2,    1) (   2,    3) (   2,    3) (   2,    1) (   2,    2) (   2,    2) (   2,    1) (   2,    3) (   2,    2) (   2,    3)
          (   2,    0) (   2,    1) (   2,    0) (   2,    3) (   2,    1) (   2,    3) (   2,    0) (   2,    0) (   2,    4) (   2,    3)
          (   2,    1) (   2,    1) (   2,    2) (   2,    0) (   2,    2) (   2,    3) (   2,    3) (   2,    5) (   2,    2) (   2,    3)
          (   2,    0) (   2,    4) (   2,    1) (   2,    0) (   2,    1) (   2,    1) (   2,    1) (   2,    2) (   2,    3) (   2,    1)
          (   2,    2) (   2,    4) (   2,    0) (   2,    1) (   2,    2) (   2,    2) (   2,    0) (   2,    2) (   2,    1) (   2,    2)
          (   2,    2) (   2,    3) (   2,    0) (   2,    5) (   2,    4) (   2,    3) (   2,    5) (   2,    0) (   2,    1) (   2,    2)
          (   2,    3) (   2,    3) (   2,    1) (   2,    2) (   2,    2) (   2,    2) (   2,    1) (   2,    1) (   2,    1) (   2,    1)
          (   2,    0) (   2,    2) (   2,    4) (   2,    1) (   2,    2) (   2,    2) (   2,    1) (   2,    4) (   2,    2) (   2,    2)
          (   2,    3) (   2,    0) (   2,    1) (   2,    2) (   2,    3) (   2,    1) (   2,    2) (   2,    2) (   2,    1) (   2,    3)
          (   2,    1) (   2,    1) (   2,    2) (   2,    0) (   2,    2) (   2,    3) (   2,    3) (   2,    2) (   2,    3) (   2,    2)
          (   2,    1) (   2,    1) (   2,    1) (   2,    2) (   2,    2) (   2,    1) (   2,    0) (   2,    2) (   2,    3) (   2,    2)
          (   2,    4) (   2,    2) (   2,    1) (   2,    2) (   2,    2) (   2,    4) (   2,    2) (   2,    4) (   2,    3) (   2,    2)
          (   2,    1) (   2,    1) (   2,    2) (   2,    2) (   2,    2) (   2,    0) (   2,    2) (   2,    0) (   2,    1) (   2,    1)
          (   2,    1) (   2,    0) (   2,    1) (   2,    4) (   2,    1) (   2,    2) (   2,    2) (   2,    1) (   2,    2) (   2,    0)
          (   2,    1) (   2,    3) (   2,    3) (   2,    2) (   2,    1) (   2,    1) (   2,    4) (   2,    0) (   2,    1) (   2,    2)
          (   2,    2) (   2,    3) (   2,    0) (   2,    1) (   2,    3) (   2,    3) (   2,    1) (   2,    2) (   2,    3) (   2,    4)
          (   2,    4) (   2,    1) (   2,    2) (   2,    0) (   2,    1) (   2,    4) (   2,    3) (   2,    5) (   2,    4) (   2,    2)
          (   2,    4) (   2,    4) (   2,    2) (   2,    2) (   2,    2) (   2,    3) (   2,    2) (   2,    3) (   2,    0) (   2,    2)
          (   2,    2) (   2,    4) (   2,    0) (   2,    0) (   2,    2) (   2,    3) (   2,    2) (   2,    0) (   2,    2) (   2,    2)
          (   2,    3) (   2,    3) (   2,    2) (   2,    1) (   2,    1) (   2,    2) (   2,    3) (   2,    1) (   2,    4) (   2,    0)
          (   2,    2) (   2,    1) (   2,    2) (   2,    4) (   2,    3) (   2,    0) (   2,    1) (   2,    1) (   2,    1) (   2,    1)
          (   2,    1) (   2,    0) (   2,    2) (   2,    4) (   2,    3) (   2,    3) (   2,    1) (   2,    3) (   2,    4) (   2,    3)
          (   2,    4) (   2,    0) (   2,    4) (   2,    3) (   2,    4) (   2,    2) (   2,    1) (   2,    1) (   2,    0) (   2,    1)
          (   2,    1) (   2,    1) (   2,    0) (   2,    2) (   2,    1) (   2,    4) (   2,    0) (   2,    0) (   2,    1) (   2,    4)
          (   2,    0) (   2,    0) (   2,    4) (   2,    2) (   2,    1) (   2,    4) (   2,    3) (   2,    4) (   2,    4) (   2,    1)
          (   2,    2) (   2,    1) (   2,    3) (   2,    3) (   2,    2) (   2,    1) (   2,    2) (   2,    2) (   2,    0) (   2,    0)
          (   2,    2) (   2,    1) (   2,    1) (   2,    2) (   2,    2) (   2,    3) (   2,    2) (   2,    1) (   2,    2) (   2,    2)
         
node   6 sent_total   1339  recv_total   1328

node   7  (   0,    0) (   1,    0) (   0,    0) (   1,    1) (   1,    1) (   2,    2) (   2,    0) (   2,    2) (   2,    1) (   2,    2)
          (   2,    3) (   2,    1) (   2,    2) (   2,    2) (   2,    1) (   2,    2) (   2,    1) (   2,    5) (   2,    2) (   2,    0)
          (   2,    1) (   2,    2) (   2,    1) (   2,    3) (   2,    3) (   2,    2) (   2,    2) (   2,    0) (   2,    0) (   2,    2)
          (   2,    1) (   2,    0) (   2,    5) (   2,    1) (   2,    3) (   2,    0) (   2,    0) (   2,    5) (   2,    2) (   2,    1)
          (   2,    3) (   2,    2) (   2,    1) (   2,    3) (   2,    3) (   2,    4) (   2,    1) (   2,    4) (   2,    2) (   2,    2)
          (   2,    1) (   2,    0) (   2,    1) (   2,    2) (   2,    2) (   0,    1) (   2,    0) (   2,    3) (   2,    1) (   2,    4)
          (   2,    0) (   2,    2) (   2,    0) (   1,    3) (   1,    1) (   2,    1) (   2,    1) (   2,    1) (   2,    2) (   2,    2)
          (   2,    2) (   2,    6) (   2,    1) (   2,    2) (   2,    2) (   2,    2) (   2,    3) (   2,    0) (   2,    2) (   2,    2)
          (   2,    2) (   2,    0) (   2,    1) (   1,    2) (   2,    3) (   0,    1) (   1,    0) (   2,    2) (   2,    0) (   2,    2)
          (   1,    3) (   2,    2) (   2,    1) (   2,    2) (   2,    2) (   2,    1) (   2,    1) (   2,    2) (   2,    3) (   1,    1)
          (   2,    3) (   1,    1) (   2,    1) (   2,    3) (   2,    4) (   2,    2) (   2,    2) (   2,    0) (   2,    3) (   2,    1)
          (   2,    3) (   2,    1) (   1,    1) (   2,    2) (   2,    1) (   2,    0) (   2,    1) (   2,    3) (   2,    2) (   2,    1)
          (   2,    2) (   2,    1) (   2,    2) (   2,    0) (   2,    2) (   2,    1) (   2,    3) (   2,    1) (   2,    2) (   2,    2)
          (   2,    3) (   2,    4) (   2,    2) (   2,    2) (   2,    2) (   1,    2) (   2,    3) (   2,    2) (   2,    2) (   1,    3)
          (   2,    3) (   2,    3) (   2,    0) (   1,    0) (   2,    2) (   2,    3) (   2,    2) (   2,    3) (   2,    2) (   2,    2)
          (   2,    1) (   2,    2) (   2,    1) (   2,    2) (   1,    3) (   2,    1) (   2,    2) (   2,    4) (   1,    1) (   2,    2)
          (   2,    2) (   2,    5) (   2,    1) (   2,    2) (   2,    2) (   2,    1) (   1,    1) (   2,    1) (   2,    3) (   2,    2)
          (   2,    2) (   2,    4) (   1,    1) (   2,    1) (   2,    3) (   2,    3) (   2,    1) (   2,    4) (   1,    0) (   2,    1)
          (   2,    4) (   2,    1) (   2,    1) (   2,    2) (   2,    1) (   1,    3) (   2,    3) (   2,    1) (   2,    2) (   2,    2)
          (   1,    1) (   2,    1) (   1,    3) (   2,    2) (   2,    0) (   1,    0) (   2,    2) (   2,    0) (   2,    4) (   2,    3)
          (   2,    1) (   2,    0) (   2,    3) (   1,    0) (   2,    2) (   2,    1) (   1,    1) (   2,    2) (   2,    2) (   2,    3)
          (   2,    2) (   2,    0) (   2,    0) (   2,    0) (   2,    1) (   2,    2) (   2,    1) (   1,    2) (   2,    0) (   2,    3)
          (   1,    2) (   2,    2) (   2,    2) (   2,    2) (   2,    3) (   2,    2) (   2,    3) (   1,    2) (   2,    2) (   2,    2)
          (   1,    2) (   2,    3) (   1,    1) (   2,    2) (   2,    2) (   2,    0) (   2,    2) (   2,    1) (   2,    2) (   2,    1)
          (   2,    1) (   2,    3) (   2,    2) (   2,    2) (   2,    2) (   1,    2) (   2,    1) (   1,    3) (   1,    3) (   2,    2)
          (   2,    1) (   2,    2) (   2,    3) (   2,    1) (   2,    0) (   2,    5) (   2,    1) (   2,    4) (   2,    2) (   2,    4)
          (   2,    2) (   2,    3) (   1,    1) (   2,    0) (   1,    2) (   2,    1) (   1,    0) (   2,    2) (   2,    4) (   2,    2)
          (   2,    1) (   1,    1) (   2,    1) (   2,    2) (   2,    4) (   2,    1) (   1,    0) (   1,    2) (   2,    1) (   0,    3)
          (   2,    2) (   2,    2) (   2,    1) (   2,    2) (   2,    3) (   2,    3) (   2,    2) (   2,    4) (   1,    3) (   2,    2)
          (   2,    1) (   2,    1) (   2,    3) (   2,    0) (   2,    0) (   2,    1) (   1,    3) (   2,    1) (   2,    4) (   2,    0)
          (   2,    2) (   2,    2) (   2,    2) (   2,    4) (   2,    0) (   2,    4) (   2,    3) (   2,    2) (   2,    1) (   2,    4)
          (   2,    4) (   2,    1) (   2,    2) (   2,    3) (   2,    1) (   2,    4) (   2,    3) (   2,    1) (   2,    1) (   2,    1)
          (   2,    1) (   2,    1) (   2,    3) (   2,    2) (   2,    4) (   2,    1) (   2,    3) (   2,    1) (   2,    2) (   2,    3)
          (   2,    1) (   2,    2) (   2,    5) (   2,    3) (   2,    2) (   2,    2) (   2,    1) (   2,    1) (   2,    0) (   2,    3)
          (   2,    4) (   2,    2) (   2,    0) (   2,    1) (   2,    1) (   2,    2) (   2,    1) (   2,    2) (   2,    2) (   2,    3)
          (   2,    1) (   2,    2) (   2,    2) (   2,    4) (   2,    2) (   2,    1) (   2,    5) (   2,    2) (   2,    1) (   2,    2)
          (   2,    2) (   2,    3) (   2,    1) (   2,    2) (   2,    2) (   2,    1) (   2,    1) (   2,    2) (   2,    1) (   2,    0)
          (   2,    1) (   2,    1) (   2,    2) (   2,    2) (   2,    3) (   2,    2) (   2,    3) (   2,    3) (   2,    0) (   2,    0)
          (   2,    5) (   2,    1) (   2,    0) (   2,    2) (   2,    2) (   2,    4) (   2,    3) (   2,    1) (   2,    3) (   2,    2)
          (   2,    3) (   2,    3) (   2,    4) (   2,    1) (   2,    1) (   2,    2) (   2,    1) (   2,    1) (   2,    2) (   2,    1)
          (   2,    1) (   2,    4) (   2,    1) (   2,    2) (   2,    1) (   2,    1) (   2,    3) (   2,    3) (   2,    4) (   2,    2)
          (   2,    2) (   2,    1) (   2,    2) (   2,    0) (   2,    2) (   2,    3) (   2,    3) (   2,    1) (   2,    1) (   2,    1)
          (   2,    3) (   2,    0) (   2,    1) (   2,    2) (   2,    3) (   2,    3) (   2,    4) (   2,    1) (   2,    0) (   2,    3)
          (   2,    5) (   2,    1) (   2,    1) (   2,    1) (   2,    1) (   2,    2) (   2,    1) (   2,    2) (   2,    5) (   2,    2)
          (   2,    4) (   2,    2) (   2,    3) (   2,    3) (   2,    3) (   2,    0) (   2,    1) (   2,    3) (   2,    1) (   2,    1)
          (   2,    2) (   2,    2) (   2,    4) (   2,    2) (   2,    1) (   2,    3) (   2,    4) (   2,    0) (   2,    3) (   2,    1)
          (   2,    4) (   2,    3) (   2,    1) (   2,    4) (   2,    1) (   2,    2) (   2,    2) (   2,    4) (   2,    1) (   2,    3)
          (   2,    2) (   2,    3) (   2,    3) (   2,    3) (   2,    6) (   2,    2) (   2,    2) (   2,    3) (   2,    1) (   2,    1)
          (   2,    1) (   2,    3) (   2,    4) (   2,    1) (   2,    2) (   2,    2) (   2,    0) (   2,    3) (   2,    2) (   2,    2)
          (   2,    1) (   2,    1) (   2,    1) (   2,    3) (   2,    2) (   2,    0) (   2,    2) (   2,    3) (   2,    2) (   2,    3)
          (   2,    2) (   2,    2) (   2,    1) (   2,    5) (   2,    0) (   2,    2) (   2,    1) (   2,    0) (   2,    4) (   2,    1)
          (   2,    1) (   2,    3) (   2,    2) (   2,    3) (   2,    2) (   2,    3) (   2,    1) (   2,    2) (   2,    3) (   2,    1)
          (   2,    1) (   2,    3) (   2,    0) (   2,    1) (   2,    2) (   2,    2) (   2,    3) (   2,    3) (   2,    1) (   2,    3)
          (   2,    1) (   2,    3) (   2,    2) (   2,    2) (   2,    4) (   2,    4) (   2,    4) (   2,    1) (   2,    2) (   2,    1)
          (   2,    2) (   2,    3) (   2,    1) (   2,    0) (   2,    0) (   2,    3) (   2,    1) (   2,    2) (   2,    1) (   2,    3)
          (   2,    2) (   2,    1) (   2,    2) (   2,    2) (   2,    0) (   2,    4) (   2,    1) (   2,    2) (   2,    1) (   2,    2)
          (   2,    2) (   2,    3) (   2,    2) (   2,    3) (   2,    2) (   2,    2) (   2,    3) (   2,    0) (   2,    2) (   2,    2)
          (   2,    3) (   2,    4) (   2,    4) (   2,    4) (   2,    3) (   2,    2) (   2,    3) (   2,    1) (   2,    0) (   2,    3)
          (   2,    2) (   2,    3) (   2,    2) (   2,    2) (   2,    2) (   2,    3) (   2,    2) (   2,    1) (   2,    1) (   2,    2)
          (   2,    1) (   2,    1) (   2,    4) (   2,    3) (   2,    4) (   2,    1) (   2,    0) (   2,    1) (   2,    2) (   2,    2)
          (   2,    4) (   2,    4) (   2,    4) (   2,    0) (   2,    1) (   2,    1) (   2,    2) (   2,    2) (   2,    1) (   2,    2)
          (   2,    1) (   2,    3) (   2,    1) (   2,    2) (   2,    3) (   2,    2) (   2,    2) (   2,    2) (   2,    2) (   2,    2)
          (   2,    1) (   2,    1) (   2,    3) (   2,    3) (   2,    1) (   2,    3) (   2,    1) (   2,    2) (   2,    2) (   2,    3)
          (   2,    0) (   2,    3) (   2,    2) (   2,    2) (   2,    1) (   2,    2) (   2,    4) (   2,    5) (   2,    2) (   2,    2)
          (   2,    1) (   2,    3) (   2,    2) (   2,    0) (   2,    1) (   2,    2) (   2,    2) (   2,    1) (   2,    6) (   2,    4)
          (   2,    3) (   2,    4) (   2,    2) (   2,    0) (   2,    0) (   2,    0) (   2,    1) (   2,    2) (   2,    0) (   2,    2)
          (   2,    4) (   2,    1) (   2,    1) (   2,    1) (   2,    2) (   2,    1) (   2,    2) (   2,    1) (   2,    4) (   2,    3)
          (   2,    2) (   2,    2) (   2,    1) (   2,    2) (   2,    2) (   2,    1) (   2,    2) (   2,    2) (   2,    1) (   2,    0)
          (   2,    0) (   2,    4) (   2,    1) (   2,    1) (   2,    2) (   2,    2) (   2,    2) (   2,    1) (   2,    0) (   2,    2)
          (   2,    4) (   2,    3) (   2,    4) (   2,    2) (   2,    3) (   2,    2) (   2,    2) (   2,    2) (   2,    1) (   2,    3)
         
node   7 sent_total   1349  recv_total   1347

node   8  (   0,    0) (   1,    0) (   0,    0) (   1,    1) (   1,    1) (   1,    1) (   2,    3) (   2,    0) (   2,    2) (   2,    2)
          (   2,    0) (   2,    1) (   2,    0) (   2,    4) (   2,    0) (   2,    0) (   2,    2) (   2,    1) (   2,    4) (   2,    5)
          (   2,    1) (   2,    2) (   2,    1) (   2,    1) (   2,    0) (   2,    0) (   2,    3) (   2,    1) (   2,    2) (   2,    3)
          (   2,    5) (   2,    3) (   2,    0) (   2,    4) (   2,    2) (   2,    3) (   2,    5) (   2,    0) (   2,    1) (   2,    3)
          (   2,    1) (   2,    1) (   2,    4) (   2,    2) (   2,    2) (   2,    2) (   2,    3) (   2,    0) (   2,    4) (   2,    1)
          (   2,    3) (   2,    3) (   2,    1) (   2,    1) (   1,    2) (   2,    0) (   2,    3) (   1,    2) (   2,    2) (   2,    1)
          (   2,    3) (   2,    0) (   2,    3) (   2,    0) (   2,    2) (   2,    1) (   1,    0) (   1,    3) (   1,    0) (   2,    1)
          (   2,    2) (   2,    1) (   2,    1) (   2,    3) (   2,    2) (   2,    1) (   2,    2) (   2,    1) (   2,    1) (   2,    2)
          (   2,    1) (   2,    0) (   2,    1) (   2,    1) (   2,    2) (   2,    0) (   2,    2) (   2,    0) (   1,    2) (   2,    2)
          (   2,    2) (   2,    3) (   2,    2) (   2,    1) (   2,    1) (   2,    1) (   2,    2) (   2,    1) (   2,    1) (   2,    4)
          (   2,    2) (   2,    1) (   1,    2) (   1,    3) (   2,    1) (   2,    2) (   2,    1) (   2,    3) (   2,    1) (   2,    2)
          (   2,    1) (   2,    4) (   2,    0) (   2,    2) (   2,    3) (   2,    2) (   2,    0) (   2,    1) (   2,    2) (   2,    1)
          (   2,    1) (   2,    1) (   1,    1) (   2,    3) (   2,    0) (   2,    1) (   2,    1) (   2,    2) (   1,    1) (   2,    2)
          (   1,    2) (   1,    1) (   1,    0) (   2,    2) (   2,    3) (   2,    1) (   2,    3) (   2,    3) (   2,    1) (   2,    3)
          (   2,    0) (   2,    1) (   2,    1) (   2,    4) (   2,    2) (   2,    1) (   2,    3) (   2,    1) (   2,    2) (   2,    2)
          (   1,    2) (   2,    2) (   2,    1) (   2,    4) (   2,    0) (   2,    1) (   2,    4) (   2,    0) (   2,    1) (   2,    1)
          (   1,    1) (   2,    1) (   2,    1) (   1,    1) (   2,    3) (   2,    0) (   1,    2) (   2,    3) (   2,    2) (   2,    3)
          (   2,    1) (   2,    1) (   0,    3) (   2,    1) (   0,    1) (   2,    2) (   2,    1) (   1,    2) (   2,    0) (   2,    3)
          (   2,    1) (   2,    4) (   2,    5) (   2,    2) (   2,    4) (   2,    2) (   2,    1) (   2,    2) (   2,    3) (   2,    2)
          (   1,    2) (   2,    2) (   2,    0) (   2,    1) (   2,    1) (   1,    2) (   2,    1) (   2,    4) (   1,    2) (   2,    2)
          (   1,    1) (   2,    1) (   2,    0) (   1,    3) (   2,    0) (   2,    1) (   2,    1) (   2,    0) (   2,    3) (   2,    1)
          (   2,    3) (   2,    2) (   2,    1) (   2,    4) (   2,    2) (   1,    2) (   2,    2) (   2,    2) (   2,    3) (   1,    1)
          (   2,    0) (   2,    1) (   2,    3) (   2,    2) (   2,    2) (   2,    1) (   1,    4) (   2,    3) (   2,    0) (   1,    1)
          (   2,    1) (   2,    2) (   2,    3) (   2,    3) (   2,    1) (   2,    0) (   1,    2) (   2,    2) (   2,    4) (   2,    3)
          (   2,    1) (   1,    0) (   2,    3) (   2,    2) (   1,    0) (   2,    3) (   2,    1) (   2,    2) (   2,    1) (   2,    3)
          (   2,    3) (   2,    1) (   2,    2) (   2,    1) (   2,    3) (   2,    3) (   2,    2) (   2,    0) (   2,    1) (   2,    4)
          (   2,    2) (   2,    3) (   2,    1) (   2,    1) (   2,    1) (   2,    3) (   2,    4) (   2,    1) (   2,    0) (   2,    1)
          (   2,    1) (   1,    2) (   2,    0) (   2,    3) (   2,    1) (   2,    1) (   2,    3) (   1,    2) (   2,    2) (   1,    1)
          (   2,    5) (   2,    2) (   2,    1) (   2,    1) (   2,    3) (   2,    1) (   2,    1) (   2,    2) (   2,    2) (   2,    1)
          (   2,    0) (   2,    2) (   2,    2) (   1,    2) (   2,    1) (   2,    2) (   2,    1) (   2,    4) (   1,    3) (   2,    2)
          (   2,    2) (   2,    0) (   2,    3) (   2,    1) (   2,    3) (   2,    1) (   2,    3) (   2,    1) (   2,    2) (   2,    0)
          (   2,    0) (   2,    1) (   2,    2) (   2,    2) (   2,    2) (   2,    2) (   2,    1) (   2,    1) (   2,    1) (   2,    4)
          (   2,    4) (   2,    2) (   2,    1) (   2,    2) (   2,    4) (   2,    2) (   2,    1) (   2,    1) (   2,    1) (   2,    1)
          (   2,    2) (   2,    2) (   2,    0) (   2,    1) (   2,    2) (   2,    0) (   2,    4) (   2,    1) (   2,    1) (   2,    2)
          (   2,    3) (   2,    2) (   2,    2) (   2,    1) (   2,    3) (   2,    2) (   2,    2) (   2,    4) (   2,    1) (   2,    3)
          (   2,    3) (   2,    1) (   2,    1) (   2,    2) (   2,    1) (   2,    2) (   2,    1) (   2,    1) (   2,    1) (   2,    1)
          (   2,    2) (   2,    6) (   2,    1) (   2,    1) (   2,    2) (   2,    2) (   2,    1) (   2,    3) (   2,    2) (   2,    0)
          (   2,    2) (   2,    2) (   2,    0) (   2,    7) (   2,    3) (   2,    2) (   2,    1) (   2,    1) (   2,    3) (   2,    4)
          (   2,    4) (   2,    3) (   2,    2) (   2,    3) (   2,    1) (   2,    4) (   2,    3) (   2,    2) (   2,    1) (   2,    2)
          (   2,    2) (   2,    1) (   2,    3) (   2,    2) (   2,    4) (   2,    3) (   2,    2) (   2,    0) (   2,    1) (   2,    2)
          (   2,    1) (   2,    2) (   2,    0) (   2,    3) (   2,    3) (   2,    0) (   2,    2) (   2,    1) (   2,    1) (   2,    1)
          (   2,    3) (   2,    2) (   2,    5) (   2,    4) (   2,    2) (   2,    2) (   2,    2) (   2,    1) (   2,    2) (   2,    3)
          (   2,    3) (   2,    2) (   2,    1) (   2,    5) (   2,    4) (   2,    2) (   2,    0) (   2,    3) (   2,    2) (   2,    1)
          (   2,    2) (   2,    4) (   2,    1) (   2,    6) (   2,    4) (   2,    3) (   2,    4) (   2,    2) (   2,    2) (   2,    2)
          (   2,    2) (   2,    1) (   2,    3) (   2,    0) (   2,    3) (   2,    3) (   2,    4) (   2,    1) (   2,    1) (   2,    2)
          (   2,    1) (   2,    3) (   2,    2) (   2,    1) (   2,    2) (   2,    1) (   2,    2) (   2,    4) (   2,    1) (   2,    3)
          (   2,    2) (   2,    3) (   2,    2) (   2,    1) (   2,    3) (   2,    1) (   2,    1) (   2,    2) (   2,    1) (   2,    2)
          (   2,    1) (   2,    4) (   2,    2) (   2,    3) (   2,    2) (   2,    1) (   2,    4) (   2,    1) (   2,    1) (   2,    2)
          (   2,    2) (   2,    2) (   2,    2) (   2,    0) (   2,    2) (   2,    3) (   2,    2) (   2,    2) (   2,    2) (   2,    2)
          (   2,    0) (   2,    4) (   2,    0) (   2,    1) (   2,    3) (   2,    2) (   2,    2) (   2,    3) (   2,    3) (   2,    1)
          (   2,    1) (   2,    1) (   2,    2) (   2,    2) (   2,    1) (   2,    4) (   2,    3) (   2,    2) (   2,    2) (   2,    4)
          (   2,    1) (   2,    1) (   2,    3) (   2,    3) (   2,    1) (   2,    1) (   2,    1) (   2,    2) (   2,    3) (   2,    3)
          (   2,    1) (   2,    4) (   2,    0) (   2,    2) (   2,    1) (   2,    2) (   2,    2) (   2,    2) (   2,    3) (   2,    1)
          (   2,    2) (   2,    4) (   2,    0) (   2,    1) (   2,    1) (   2,    4) (   2,    1) (   2,    4) (   2,    2) (   2,    2)
          (   2,    2) (   2,    1) (   2,    3) (   2,    3) (   2,    2) (   2,    0) (   2,    1) (   2,    3) (   2,    3) (   2,    2)
          (   2,    2) (   2,    2) (   2,    1) (   2,    1) (   2,    2) (   2,    2) (   2,    2) (   2,    3) (   2,    2) (   2,    2)
          (   2,    3) (   2,    1) (   2,    1) (   2,    1) (   2,    1) (   2,    0) (   2,    3) (   2,    0) (   2,    0) (   2,    4)
          (   2,    1) (   2,    3) (   2,    0) (   2,    4) (   2,    2) (   2,    1) (   2,    2) (   2,    0) (   2,    0) (   2,    2)
          (   2,    2) (   2,    0) (   2,    0) (   2,    2) (   2,    3) (   2,    2) (   2,    4) (   2,    0) (   2,    3) (   2,    1)
          (   2,    1) (   2,    1) (   2,    1) (   2,    2) (   2,    2) (   2,    1) (   2,    1) (   2,    1) (   2,    1) (   2,    2)
          (   2,    1) (   2,    0) (   2,    3) (   2,    4) (   2,    1) (   2,    2) (   2,    2) (   2,    3) (   2,    3) (   2,    3)
          (   2,    1) (   2,    0) (   2,    1) (   2,    3) (   2,    3) (   2,    6) (   2,    1) (   2,    2) (   2,    1) (   2,    1)
          (   2,    2) (   2,    1) (   2,    3) (   2,    2) (   2,    2) (   2,    3) (   2,    3) (   2,    2) (   2,    3) (   2,    0)
          (   2,    2) (   2,    2) (   2,    2) (   2,    2) (   2,    3) (   2,    3) (   2,    2) (   2,    3) (   2,    3) (   2,    2)
          (   2,    2) (   2,    4) (   2,    2) (   2,    0) (   2,    3) (   2,    3) (   2,    2) (   2,    3) (   2,    2) (   2,    2)
          (   2,    3) (   2,    1) (   2,    1) (   2,    3) (   2,    0) (   2,    2) (   2,    2) (   2,    4) (   2,    3) (   2,    3)
          (   2,    2) (   2,    3) (   2,    2) (   2,    3) (   2,    2) (   2,    2) (   2,    1) (   2,    2) (   2,    1) (   2,    0)
          (   2,    3) (   2,    1) (   2,    2) (   2,    1) (   2,    1) (   2,    2) (   2,    2) (   2,    2) (   2,    1) (   2,    2)
          (   2,    3) (   2,    2) (   2,    1) (   2,    3) (   2,    2) (   2,    2) (   2,    2) (   2,    2) (   2,    1) (   2,    1)
          (   2,    0) (   2,    2) (   2,    0) (   2,    2) (   2,    1) (   2,    2) (   2,    2) (   2,    4) (   2,    1) (   2,    1)
         
node   8 sent_total   1353  recv_total   1296

node   9  (   0,    0) (   0,    0) (   1,    0) (   0,    0) (   1,    1) (   2,    2) (   2,    1) (   2,    4) (   2,    1) (   2,    3)
          (   2,    1) (   2,    1) (   2,    3) (   2,    1) (   2,    3) (   2,    1) (   2,    2) (   2,    3) (   2,    0) (   2,    0)
          (   2,    5) (   2,    5) (   2,    5) (   2,    3) (   2,    0) (   2,    2) (   2,    2) (   2,    1) (   2,    1) (   2,    3)
          (   2,    2) (   2,    2) (   2,    1) (   2,    2) (   2,    1) (   2,    3) (   2,    0) (   2,    4) (   2,    3) (   2,    4)
          (   2,    2) (   2,    5) (   2,    2) (   2,    2) (   2,    1) (   2,    2) (   2,    2) (   2,    3) (   2,    1) (   2,    4)
          (   2,    3) (   1,    1) (   2,    0) (   2,    2) (   2,    2) (   1,    3) (   2,    1) (   2,    2) (   1,    2) (   2,    3)
          (   1,    3) (   2,    2) (   2,    2) (   2,    1) (   1,    1) (   2,    4) (   2,    2) (   2,    0) (   2,    1) (   2,    0)
          (   2,    2) (   2,    2) (   2,    3) (   2,    3) (   2,    1) (   2,    2) (   1,    1) (   2,    2) (   2,    2) (   2,    2)
          (   1,    0) (   2,    1) (   2,    0) (   1,    3) (   1,    2) (   2,    3) (   2,    3) (   2,    0) (   2,    1) (   2,    2)
          (   1,    3) (   2,    2) (   1,    1) (   2,    1) (   2,    0) (   2,    5) (   2,    0) (   1,    1) (   2,    3) (   2,    2)
          (   2,    1) (   0,    0) (   0,    0) (   0,    0) (   0,    0) (   0,    0) (   0,    0) (   0,    0) (   0,    0) (   0,    0)
          (   0,    0) (   0,    0) (   0,    0) (   0,    0) (   0,    0) (   0,    0) (   0,    0) (   0,    0) (   0,    0) (   0,    0)
          (   0,    0) (   0,    0) (   0,    0) (   0,    0) (   0,    0) (   0,    0) (   0,    0) (   0,    0) (   0,    0) (   0,    0)
          (   0,    0) (   0,    0) (   0,    0) (   0,    0) (   0,    0) (   0,    0) (   0,    0) (   0,    0) (   0,    0) (   0,    0)
          (   0,    0) (   0,    0) (   0,    0) (   0,    0) (   0,    0) (   0,    0) (   0,    0) (   0,    0) (   0,    0) (   0,    0)
          (   0,    0) (   0,    0) (   0,    0) (   0,    0) (   0,    0) (   0,    0) (   0,    0) (   0,    0) (   0,    0) (   0,    0)
          (   0,    0) (   0,    0) (   0,    0) (   0,    0) (   0,    0) (   0,    0) (   0,    0) (   0,    0) (   0,    0) (   0,    0)
          (   0,    0) (   0,    0) (   0,    0) (   0,    0) (   0,    0) (   0,    0) (   0,    0) (   0,    0) (   0,    0) (   0,    0)
          (   0,    0) (   0,    0) (   0,    0) (   0,    0) (   0,    0) (   0,    0) (   0,    0) (   0,    0) (   0,    0) (   0,    0)
          (   0,    0) (   0,    0) (   0,    0) (   0,    0) (   0,    0) (   0,    0) (   0,    0) (   0,    0) (   0,    0) (   0,    0)
          (   0,    0) (   0,    0) (   0,    0) (   0,    0) (   0,    0) (   0,    0) (   0,    0) (   0,    0) (   0,    0) (   0,    0)
          (   0,    0) (   0,    0) (   0,    0) (   0,    0) (   0,    0) (   0,    0) (   0,    0) (   0,    0) (   0,    0) (   0,    0)
          (   0,    0) (   0,    0) (   0,    0) (   0,    0) (   0,    0) (   0,    0) (   0,    0) (   0,    0) (   0,    0) (   0,    0)
          (   0,    0) (   0,    0) (   0,    0) (   0,    0) (   0,    0) (   0,    0) (   0,    0) (   0,    0) (   0,    0) (   0,    0)
          (   0,    0) (   0,    0) (   0,    0) (   0,    0) (   0,    0) (   0,    0) (   0,    0) (   0,    0) (   0,    0) (   0,    0)
          (   0,    0) (   0,    0) (   0,    0) (   0,    0) (   0,    0) (   0,    0) (   0,    0) (   0,    0) (   0,    0) (   0,    0)
          (   0,    0) (   0,    0) (   0,    0) (   0,    0) (   0,    0) (   0,    0) (   0,    0) (   0,    0) (   0,    0) (   0,    0)
          (   0,    0) (   0,    0) (   0,    0) (   0,    0) (   0,    0) (   0,    0) (   0,    0) (   0,    0) (   0,    0) (   0,    0)
          (   0,    0) (   0,    0) (   0,    0) (   0,    0) (   0,    0) (   0,    0) (   0,    0) (   0,    0) (   0,    0) (   0,    0)
          (   0,    0) (   0,    0) (   0,    0) (   0,    0) (   0,    0) (   0,    0) (   0,    0) (   0,    0) (   0,    0) (   0,    0)
          (   0,    0) (   0,    0) (   0,    0) (   0,    0) (   0,    0) (   0,    0) (   0,    0) (   0,    0) (   0,    0) (   0,    0)
          (   0,    0) (   0,    0) (   0,    0) (   0,    0) (   0,    0) (   0,    0) (   0,    0) (   0,    0) (   0,    0) (   0,    0)
          (   0,    0) (   0,    0) (   0,    0) (   0,    0) (   0,    0) (   0,    0) (   0,    0) (   0,    0) (   0,    0) (   0,    0)
          (   0,    0) (   0,    0) (   0,    0) (   0,    0) (   0,    0) (   0,    0) (   0,    0) (   0,    0) (   0,    0) (   0,    0)
          (   0,    0) (   0,    0) (   0,    0) (   0,    0) (   0,    0) (   0,    0) (   0,    0) (   0,    0) (   0,    0) (   0,    0)
          (   0,    0) (   0,    0) (   0,    0) (   0,    0) (   0,    0) (   0,    0) (   0,    0) (   0,    0) (   0,    0) (   0,    0)
          (   0,    0) (   0,    0) (   0,    0) (   0,    0) (   0,    0) (   0,    0) (   0,    0) (   0,    0) (   0,    0) (   0,    0)
          (   0,    0) (   0,    0) (   0,    0) (   0,    0) (   0,    0) (   0,    0) (   0,    0) (   0,    0) (   0,    0) (   0,    0)
          (   0,    0) (   0,    0) (   0,    0) (   0,    0) (   0,    0) (   0,    0) (   0,    0) (   0,    0) (   0,    0) (   0,    0)
          (   0,    0) (   0,    0) (   0,    0) (   0,    0) (   0,    0) (   0,    0) (   0,    0) (   0,    0) (   0,    0) (   0,    0)
          (   0,    0) (   0,    0) (   0,    0) (   0,    0) (   0,    0) (   0,    0) (   0,    0) (   0,    0) (   0,    0) (   0,    0)
          (   0,    0) (   0,    0) (   0,    0) (   0,    0) (   0,    0) (   0,    0) (   0,    0) (   0,    0) (   0,    0) (   0,    0)
          (   0,    0) (   0,    0) (   0,    0) (   0,    0) (   0,    0) (   0,    0) (   0,    0) (   0,    0) (   0,    0) (   0,    0)
          (   0,    0) (   0,    0) (   0,    0) (   0,    0) (   0,    0) (   0,    0) (   0,    0) (   0,    0) (   0,    0) (   0,    0)
          (   0,    0) (   0,    0) (   0,    0) (   0,    0) (   0,    0) (   0,    0) (   0,    0) (   0,    0) (   0,    0) (   0,    0)
          (   0,    0) (   0,    0) (   0,    0) (   0,    0) (   0,    0) (   0,    0) (   0,    0) (   0,    0) (   0,    0) (   0,    0)
          (   0,    0) (   0,    0) (   0,    0) (   0,    0) (   0,    0) (   0,    0) (   0,    0) (   0,    0) (   0,    0) (   0,    0)
          (   0,    0) (   0,    0) (   0,    0) (   0,    0) (   0,    0) (   0,    0) (   0,    0) (   0,    0) (   0,    0) (   0,    0)
          (   0,    0) (   0,    0) (   0,    0) (   0,    0) (   0,    0) (   0,    0) (   0,    0) (   0,    0) (   0,    0) (   0,    0)
          (   0,    0) (   0,    0) (   0,    0) (   0,    0) (   0,    0) (   0,    0) (   0,    0) (   0,    0) (   0,    0) (   0,    0)
          (   0,    0) (   0,    0) (   0,    0) (   0,    0) (   0,    0) (   0,    0) (   0,    0) (   0,    0) (   0,    0) (   0,    0)
          (   0,    0) (   0,    0) (   0,    0) (   0,    0) (   0,    0) (   0,    0) (   0,    0) (   0,    0) (   0,    0) (   0,    0)
          (   0,    0) (   0,    0) (   0,    0) (   0,    0) (   0,    0) (   0,    0) (   0,    0) (   0,    0) (   0,    0) (   0,    0)
          (   0,    0) (   0,    0) (   0,    0) (   0,    0) (   0,    0) (   0,    0) (   0,    0) (   0,    0) (   0,    0) (   0,    0)
          (   0,    0) (   0,    0) (   0,    0) (   0,    0) (   0,    0) (   0,    0) (   0,    0) (   0,    0) (   0,    0) (   0,    0)
          (   0,    0) (   0,    0) (   0,    0) (   0,    0) (   0,    0) (   0,    0) (   0,    0) (   0,    0) (   0,    0) (   0,    0)
          (   0,    0) (   0,    0) (   0,    0) (   0,    0) (   0,    0) (   0,    0) (   0,    0) (   0,    0) (   0,    0) (   0,    0)
          (   0,    0) (   0,    0) (   0,    0) (   0,    0) (   0,    0) (   0,    0) (   0,    0) (   0,    0) (   0,    0) (   0,    0)
          (   0,    0) (   0,    0) (   0,    0) (   0,    0) (   0,    0) (   0,    0) (   0,    0) (   0,    0) (   0,    0) (   0,    0)
          (   0,    0) (   0,    0) (   0,    0) (   0,    0) (   0,    0) (   0,    0) (   0,    0) (   0,    0) (   0,    0) (   0,    0)
          (   0,    0) (   0,    0) (   0,    0) (   0,    0) (   0,    0) (   0,    0) (   0,    0) (   0,    0) (   0,    0) (   0,    0)
          (   0,    0) (   0,    0) (   0,    0) (   0,    0) (   0,    0) (   0,    0) (   0,    0) (   0,    0) (   0,    0) (   0,    0)
          (   0,    0) (   0,    0) (   0,    0) (   0,    0) (   0,    0) (   0,    0) (   0,    0) (   0,    0) (   0,    0) (   0,    0)
          (   0,    0) (   0,    0) (   0,    0) (   0,    0) (   0,    0) (   0,    0) (   0,    0) (   0,    0) (   0,    0) (   0,    0)
          (   0,    0) (   0,    0) (   0,    0) (   0,    0) (   0,    0) (   0,    0) (   0,    0) (   0,    0) (   0,    0) (   0,    0)
          (   0,    0) (   0,    0) (   0,    0) (   0,    0) (   0,    0) (   0,    0) (   0,    0) (   0,    0) (   0,    0) (   0,    0)
          (   0,    0) (   0,    0) (   0,    0) (   0,    0) (   0,    0) (   0,    0) (   0,    0) (   0,    0) (   0,    0) (   0,    0)
          (   0,    0) (   0,    0) (   0,    0) (   0,    0) (   0,    0) (   0,    0) (   0,    0) (   0,    0) (   0,    0) (   0,    0)
          (   0,    0) (   0,    0) (   0,    0) (   0,    0) (   0,    0) (   0,    0) (   0,    0) (   0,    0) (   0,    0) (   0,    0)
          (   0,    0) (   0,    0) (   0,    0) (   0,    0) (   0,    0) (   0,    0) (   0,    0) (   0,    0) (   0,    0) (   0,    0)
         
node   9 sent_total    182  recv_total    189

node  10  (   0,    0) (   0,    0) (   1,    0) (   0,    0) (   2,    2) (   2,    0) (   2,    1) (   2,    1) (   2,    2) (   2,    2)
          (   2,    2) (   2,    5) (   2,    3) (   2,    3) (   2,    1) (   2,    3) (   2,    1) (   2,    4) (   2,    4) (   2,    1)
          (   2,    2) (   2,    3) (   2,    2) (   2,    5) (   2,    2) (   2,    3) (   2,    2) (   2,    2) (   2,    4) (   2,    2)
          (   2,    1) (   2,    1) (   2,    3) (   2,    3) (   2,    1) (   2,    1) (   2,    2) (   2,    1) (   2,    2) (   2,    0)
          (   2,    3) (   2,    3) (   2,    4) (   2,    3) (   2,    5) (   2,    2) (   2,    1) (   2,    2) (   2,    1) (   2,    2)
          (   2,    1) (   2,    5) (   2,    2) (   1,    1) (   2,    1) (   2,    4) (   1,    1) (   2,    0) (   2,    3) (   2,    0)
          (   2,    2) (   2,    1) (   2,    3) (   2,    3) (   2,    2) (   2,    0) (   2,    4) (   2,    2) (   2,    2) (   2,    2)
          (   2,    2) (   2,    4) (   2,    0) (   2,    1) (   2,    1) (   2,    4) (   2,    2) (   2,    2) (   2,    4) (   2,    2)
          (   2,    2) (   2,    3) (   2,    0) (   2,    0) (   2,    0) (   2,    4) (   2,    0) (   2,    3) (   2,    4) (   2,    2)
          (   1,    1) (   2,    0) (   2,    2) (   2,    3) (   2,    1) (   2,    3) (   2,    2) (   1,    2) (   2,    1) (   2,    3)
          (   2,    1) (   2,    3) (   1,    2) (   2,    1) (   2,    1) (   1,    5) (   2,    1) (   2,    2) (   2,    1) (   2,    0)
          (   2,    2) (   2,    1) (   2,    3) (   2,    2) (   2,    1) (   2,    3) (   2,    4) (   2,    2) (   2,    1) (   2,    2)
          (   2,    2) (   1,    2) (   2,    1) (   2,    0) (   1,    0) (   2,    3) (   2,    2) (   2,    2) (   1,    2) (   2,    1)
          (   2,    2) (   2,    2) (   1,    0) (   2,    1) (   2,    0) (   2,    4) (   1,    2) (   1,    2) (   2,    2) (   2,    0)
          (   2,    2) (   2,    2) (   2,    3) (   2,    2) (   1,    1) (   2,    1) (   2,    3) (   2,    1) (   1,    2) (   2,    2)
          (   2,    1) (   2,    2) (   2,    1) (   2,    1) (   2,    0) (   2,    0) (   2,    4) (   2,    1) (   2,    1) (   1,    2)
          (   2,    3) (   1,    0) (   2,    1) (   2,    3) (   1,    2) (   2,    0) (   2,    3) (   2,    1) (   1,    2) (   2,    2)
          (   2,    4) (   2,    0) (   2,    1) (   2,    2) (   2,    0) (   2,    1) (   2,    2) (   1,    2) (   2,    2) (   2,    0)
          (   2,    3) (   2,    1) (   2,    1) (   2,    2) (   2,    0) (   2,    2) (   2,    1) (   2,    3) (   2,    2) (   2,    2)
          (   2,    0) (   2,    1) (   2,    1) (   2,    1) (   2,    2) (   2,    4) (   2,    3) (   2,    3) (   2,    0) (   2,    0)
          (   2,    2) (   2,    3) (   2,    2) (   2,    3) (   0,    2) (   2,    3) (   2,    2) (   1,    2) (   2,    0) (   2,    0)
          (   2,    1) (   2,    0) (   2,    4) (   1,    3) (   0,    0) (   2,    1) (   2,    4) (   2,    2) (   2,    1) (   2,    0)
          (   2,    1) (   2,    2) (   1,    1) (   2,    2) (   1,    2) (   2,    2) (   1,    2) (   2,    1) (   2,    1) (   2,    2)
          (   2,    5) (   2,    4) (   2,    1) (   2,    2) (   2,    3) (   2,    2) (   2,    0) (   2,    3) (   2,    3) (   2,    3)
          (   2,    1) (   2,    3) (   2,    1) (   2,    1) (   2,    0) (   2,    1) (   2,    1) (   2,    3) (   2,    3) (   2,    2)
          (   2,    2) (   2,    2) (   2,    1) (   2,    2) (   2,    1) (   2,    0) (   2,    2) (   2,    3) (   2,    1) (   2,    2)
          (   2,    0) (   2,    0) (   2,    1) (   2,    2) (   2,    2) (   1,    3) (   2,    2) (   2,    3) (   0,    2) (   2,    1)
          (   2,    4) (   2,    3) (   1,    0) (   2,    1) (   2,    1) (   2,    2) (   2,    0) (   2,    1) (   2,    3) (   2,    1)
          (   2,    1) (   1,    4) (   2,    3) (   1,    3) (   2,    3) (   1,    1) (   2,    2) (   2,    2) (   2,    0) (   1,    1)
          (   2,    2) (   2,    1) (   2,    4) (   2,    4) (   2,    2) (   2,    2) (   2,    2) (   2,    3) (   2,    1) (   2,    0)
          (   2,    1) (   2,    3) (   2,    3) (   2,    3) (   2,    5) (   2,    2) (   2,    2) (   2,    2) (   2,    2) (   2,    0)
          (   2,    2) (   2,    4) (   2,    1) (   2,    2) (   2,    3) (   2,    2) (   2,    5) (   2,    1) (   2,    1) (   2,    0)
          (   2,    1) (   2,    3) (   2,    3) (   2,    3) (   2,    1) (   2,    2) (   2,    2) (   2,    2) (   2,    2) (   2,    3)
          (   2,    4) (   2,    6) (   2,    2) (   2,    2) (   2,    1) (   2,    3) (   2,    3) (   2,    4) (   2,    4) (   2,    1)
          (   2,    4) (   2,    2) (   2,    4) (   2,    3) (   2,    5) (   2,    2) (   2,    3) (   2,    1) (   2,    2) (   2,    2)
          (   2,    1) (   2,    3) (   2,    0) (   2,    4) (   2,    2) (   2,    1) (   2,    3) (   2,    3) (   2,    2) (   2,    0)
          (   2,    1) (   2,    0) (   2,    4) (   2,    0) (   2,    2) (   2,    3) (   2,    3) (   2,    1) (   2,    2) (   2,    0)
          (   2,    1) (   2,    2) (   2,    3) (   2,    2) (   2,    1) (   2,    1) (   2,    1) (   2,    2) (   2,    2) (   2,    3)
          (   2,    1) (   2,    3) (   2,    0) (   2,    0) (   2,    3) (   2,    2) (   2,    1) (   2,    2) (   2,    3) (   2,    2)
          (   2,    1) (   2,    1) (   2,    1) (   2,    3) (   2,    0) (   2,    2) (   2,    4) (   2,    1) (   2,    2) (   2,    2)
          (   2,    4) (   2,    2) (   2,    1) (   2,    2) (   2,    1) (   2,    0) (   2,    1) (   2,    1) (   2,    1) (   2,    2)
          (   2,    0) (   2,    1) (   2,    3) (   2,    2) (   2,    3) (   2,    2) (   2,    4) (   2,    4) (   2,    1) (   2,    0)
          (   2,    1) (   2,    2) (   2,    3) (   2,    1) (   2,    2) (   2,    1) (   2,    2) (   2,    3) (   2,    2) (   2,    1)
          (   2,    1) (   2,    1) (   2,    2) (   2,    1) (   2,    2) (   2,    2) (   2,    5) (   2,    4) (   2,    2) (   2,    1)
          (   2,    4) (   2,    1) (   2,    2) (   2,    3) (   2,    1) (   2,    0) (   2,    2) (   2,    2) (   2,    4) (   2,    3)
          (   2,    2) (   2,    3) (   2,    1) (   2,    3) (   2,    3) (   2,    0) (   2,    2) (   2,    2) (   2,    0) (   2,    1)
          (   2,    1) (   2,    2) (   2,    4) (   2,    2) (   2,    1) (   2,    2) (   2,    0) (   2,    3) (   2,    3) (   2,    1)
          (   2,    1) (   2,    1) (   2,    3) (   2,    1) (   2,    3) (   2,    1) (   2,    3) (   2,    2) (   2,    2) (   2,    2)
          (   2,    3) (   2,    0) (   2,    2) (   2,    1) (   2,    1) (   2,    3) (   2,    2) (   2,    2) (   2,    1) (   2,    0)
          (   2,    2) (   2,    1) (   2,    1) (   2,    2) (   2,    1) (   2,    1) (   2,    2) (   2,    2) (   2,    3) (   2,    3)
          (   2,    2) (   2,    1) (   2,    1) (   2,    2) (   2,    2) (   2,    1) (   2,    1) (   2,    1) (   2,    0) (   2,    2)
          (   2,    3) (   2,    3) (   2,    2) (   2,    1) (   2,    2) (   2,    2) (   2,    2) (   2,    3) (   2,    2) (   2,    2)
          (   2,    2) (   2,    2) (   2,    2) (   2,    6) (   2,    3) (   2,    2) (   2,    1) (   2,    1) (   2,    2) (   2,    1)
          (   2,    2) (   2,    2) (   2,    2) (   2,    1) (   2,    2) (   2,    1) (   2,    3) (   2,    1) (   2,    3) (   2,    3)
          (   2,    0) (   2,    2) (   2,    2) (   2,    3) (   2,    1) (   2,    3) (   2,    2) (   2,    0) (   2,    2) (   2,    0)
          (   2,    4) (   2,    4) (   2,    2) (   2,    4) (   2,    2) (   2,    3) (   2,    3) (   2,    1) (   2,    2) (   2,    3)
          (   2,    4) (   2,    2) (   2,    2) (   2,    1) (   2,    4) (   2,    2) (   2,    0) (   2,    3) (   2,    1) (   2,    2)
          (   2,    1) (   2,    2) (   2,    1) (   2,    3) (   2,    2) (   2,    3) (   2,    3) (   2,    5) (   2,    4) (   2,    0)
          (   2,    3) (   2,    2) (   2,    3) (   2,    4) (   2,    0) (   2,    1) (   2,    2) (   2,    2) (   2,    4) (   2,    2)
          (   2,    3) (   2,    3) (   2,    2) (   2,    2) (   2,    1) (   2,    2) (   2,    3) (   2,    3) (   2,    2) (   2,    2)
          (   2,    1) (   2,    2) (   2,    1) (   2,    4) (   2,    4) (   2,    1) (   2,    2) (   2,    4) (   2,    2) (   2,    0)
          (   2,    2) (   2,    2) (   2,    2) (   2,    1) (   2,    0) (   2,    1) (   2,    2) (   2,    5) (   2,    2) (   2,    4)
          (   2,    2) (   2,    0) (   2,    2) (   2,    1) (   2,    0) (   2,    0) (   2,    1) (   2,    1) (   2,    2) (   2,    0)
          (   2,    3) (   2,    3) (   2,    5) (   2,    1) (   2,    2) (   2,    2) (   2,    1) (   2,    1) (   2,    3) (   2,    2)
          (   2,    3) (   2,    0) (   2,    2) (   2,    1) (   2,    4) (   2,    0) (   2,    3) (   2,    5) (   2,    0) (   2,    3)
          (   2,    3) (   2,    2) (   2,    3) (   2,    1) (   2,    1) (   2,    2) (   2,    6) (   2,    4) (   2,    1) (   2,    4)
          (   2,    2) (   2,    2) (   2,    1) (   2,    3) (   2,    1) (   2,    2) (   2,    0) (   2,    3) (   2,    2) (   2,    0)
          (   2,    0) (   2,    2) (   2,    1) (   2,    2) (   2,    1) (   2,    1) (   2,    2) (   2,    1) (   2,    4) (   2,    2)
          (   2,    2) (   2,    2) (   2,    0) (   2,    4) (   2,    2) (   2,    4) (   2,    6) (   2,    3) (   2,    1) (   2,    3)
          (   2,    1) (   2,    2) (   2,    3) (   2,    4) (   2,    2) (   2,    0) (   2,    2) (   2,    2) (   2,    2) (   2,    0)
         
node  10 sent_total   1357  recv_total   1350

